<?xml version="1.0" encoding="UTF-8" ?>
<testsuite errors="0" failures="0" hostname="cdc-odc-junjie" name="org.workin.test.xml.JaxbBinderTest" tests="3" time="0.625" timestamp="2009-12-16T02:16:13">
  <properties>
    <property name="java.vendor" value="Sun Microsystems Inc." />
    <property name="lib.dir" value="E:\works\Workin/lib" />
    <property name="sun.java.launcher" value="SUN_STANDARD" />
    <property name="eclipse.pdebuild.templates" value="/E:/iSpace/eclipse3.4/plugins/org.eclipse.pde.build_3.4.1.R34x_v20080805/templates/" />
    <property name="sun.management.compiler" value="HotSpot Client Compiler" />
    <property name="os.name" value="Windows XP" />
    <property name="sun.boot.class.path" value="C:\works\Java\jre6\lib\resources.jar;C:\works\Java\jre6\lib\rt.jar;C:\works\Java\jre6\lib\sunrsasign.jar;C:\works\Java\jre6\lib\jsse.jar;C:\works\Java\jre6\lib\jce.jar;C:\works\Java\jre6\lib\charsets.jar;C:\works\Java\jre6\classes" />
    <property name="TODAY" value="December 16 2009" />
    <property name="ant.file.workin" value="E:\works\Workin\build.xml" />
    <property name="sun.desktop" value="windows" />
    <property name="java.vm.specification.vendor" value="Sun Microsystems Inc." />
    <property name="ant.home" value="E:\iSpace\eclipse3.4\plugins\org.apache.ant_1.7.0.v200803061910" />
    <property name="java.runtime.version" value="1.6.0_17-b04" />
    <property name="user.name" value="Goingmm" />
    <property name="build.dir" value="E:\works\Workin/bin" />
    <property name="user.language" value="zh" />
    <property name="sun.boot.library.path" value="C:\works\Java\jre6\bin" />
    <property name="target.codes.work" value="E:\works\Workin/workin" />
    <property name="target.javadoc.dir" value="E:\works\Workin/docs/javadoc" />
    <property name="ant.project.name" value="workin" />
    <property name="DSTAMP" value="20091216" />
    <property name="target.codes.test" value="E:\works\Workin/workin-test" />
    <property name="target.jars.dir" value="E:\works\Workin/dist" />
    <property name="java.version" value="1.6.0_17" />
    <property name="user.timezone" value="" />
    <property name="sun.arch.data.model" value="32" />
    <property name="java.endorsed.dirs" value="C:\works\Java\jre6\lib\endorsed" />
    <property name="sun.cpu.isalist" value="pentium_pro+mmx pentium_pro pentium+mmx pentium i486 i386 i86" />
    <property name="sun.jnu.encoding" value="GB18030" />
    <property name="file.encoding.pkg" value="sun.io" />
    <property name="file.separator" value="\" />
    <property name="java.specification.name" value="Java Platform API Specification" />
    <property name="java.class.version" value="50.0" />
    <property name="user.country" value="CN" />
    <property name="java.home" value="C:\works\Java\jre6" />
    <property name="java.vm.info" value="mixed mode, sharing" />
    <property name="ant.file" value="E:\works\Workin\build.xml" />
    <property name="os.version" value="5.1" />
    <property name="path.separator" value=";" />
    <property name="java.vm.version" value="14.3-b01" />
    <property name="user.variant" value="" />
    <property name="ant.library.dir" value="E:\iSpace\eclipse3.4\plugins\org.apache.ant_1.7.0.v200803061910\lib" />
    <property name="java.awt.printerjob" value="sun.awt.windows.WPrinterJob" />
    <property name="sun.io.unicode.encoding" value="UnicodeLittle" />
    <property name="awt.toolkit" value="sun.awt.windows.WToolkit" />
    <property name="eclipse.pdebuild.scripts" value="/E:/iSpace/eclipse3.4/plugins/org.eclipse.pde.build_3.4.1.R34x_v20080805/scripts/" />
    <property name="user.home" value="C:\Documents and Settings\Goingmm" />
    <property name="java.specification.vendor" value="Sun Microsystems Inc." />
    <property name="java.library.path" value="C:\works\Java\jre6\bin;.;C:\WINDOWS\Sun\Java\bin;C:\WINDOWS\system32;C:\WINDOWS;C:/works/Java/jre6/bin/client;C:/works/Java/jre6/bin;C:\Program Files\Common Files\NetSarang;d:\oracle\product\10.2.0\db_1\bin;C:\WINDOWS\system32;C:\WINDOWS;C:\WINDOWS\System32\Wbem;C:\works\Java\jdk\bin;C:\maven209\bin;C:\Program Files\TortoiseSVN\bin;C:\Python31;C:\ant\bin;C:\grails\bin;C:\apache-cxf\bin;C:\works\Tomcat\bin;C:\Groovy\Groovy16\bin;C:\Program Files\cvsnt;E:\iSpace\cxf-224\bin;C:\Program Files\StormII\Codec;C:\Program Files\StormII" />
    <property name="java.vendor.url" value="http://java.sun.com/" />
    <property name="java.vm.vendor" value="Sun Microsystems Inc." />
    <property name="java.runtime.name" value="Java(TM) SE Runtime Environment" />
    <property name="java.class.path" value="E:\works\Workin\bin;E:\works\Workin\lib\XmlSchema-1.4.5.jar;E:\works\Workin\lib\activemq-all-5.3.0.jar;E:\works\Workin\lib\activemq-pool-5.3.0.jar;E:\works\Workin\lib\antlr-2.7.6.jar;E:\works\Workin\lib\asm-attrs.jar;E:\works\Workin\lib\asm.jar;E:\works\Workin\lib\aspectjrt.jar;E:\works\Workin\lib\aspectjweaver-1.6.5.jar;E:\works\Workin\lib\c3p0-0.9.1.2.jar;E:\works\Workin\lib\cglib-2.1.3.jar;E:\works\Workin\lib\commons-beanutils-1.8.2.jar;E:\works\Workin\lib\commons-codec-1.4.jar;E:\works\Workin\lib\commons-collections-3.2.1.jar;E:\works\Workin\lib\commons-io-1.4.jar;E:\works\Workin\lib\commons-jexl-1.1.jar;E:\works\Workin\lib\commons-lang-2.4.jar;E:\works\Workin\lib\commons-logging-1.1.1.jar;E:\works\Workin\lib\commons-pool-1.4.jar;E:\works\Workin\lib\cxf-2.2.4.jar;E:\works\Workin\lib\cxf-manifest.jar;E:\works\Workin\lib\displaytag-1.2.jar;E:\works\Workin\lib\dom4j-1.6.1.jar;E:\works\Workin\lib\ehcache-1.6.1.jar;E:\works\Workin\lib\ehcache-jgroupsreplication-1.3.jar;E:\works\Workin\lib\freemarker-2.3.8.jar;E:\works\Workin\lib\hessian-4.0.2.jar;E:\works\Workin\lib\hibernate-annotations-3.4.0.GA.jar;E:\works\Workin\lib\hibernate-commons-annotations-3.1.0.GA.jar;E:\works\Workin\lib\hibernate-core-3.3.2.GA.jar;E:\works\Workin\lib\hibernate-ehcache-3.3.2.GA.jar;E:\works\Workin\lib\hibernate-entitymanager.jar;E:\works\Workin\lib\httpclient-4.0.jar;E:\works\Workin\lib\httpcore-4.0.1.jar;E:\works\Workin\lib\ibatis-2.3.4.726.jar;E:\works\Workin\lib\imaging-01012005.jar;E:\works\Workin\lib\irontracksql.jar;E:\works\Workin\lib\javassist-3.4.GA.jar;E:\works\Workin\lib\jaxen-1.1.jar;E:\works\Workin\lib\jcaptcha-1.0.jar;E:\works\Workin\lib\jcaptcha-api-1.0.jar;E:\works\Workin\lib\jdom-1.0.jar;E:\works\Workin\lib\jettison-1.1.jar;E:\works\Workin\lib\jetty-6.1.21.jar;E:\works\Workin\lib\jetty-util-6.1.21.jar;E:\works\Workin\lib\jgroups-2.6.8.GA.jar;E:\works\Workin\lib\json-lib-2.2.3-jdk15.jar;E:\works\Workin\lib\jsr311-api-1.0.jar;E:\works\Workin\lib\jta-1.1.jar;E:\works\Workin\lib\jul-to-slf4j-1.5.8.jar;E:\works\Workin\lib\junit-4.8.jar;E:\works\Workin\lib\log4j-1.2.15.jar;E:\works\Workin\lib\mail-1.4.1.jar;E:\works\Workin\lib\mysql-connector-java-5.1.6.jar;E:\works\Workin\lib\neethi-2.0.4.jar;E:\works\Workin\lib\ooxml-schemas-1.0.jar;E:\works\Workin\lib\p6spy-1.3.jar;E:\works\Workin\lib\perf4j-0.9.11.jar;E:\works\Workin\lib\persistence.jar;E:\works\Workin\lib\poi-3.5-FINAL-20090928.jar;E:\works\Workin\lib\poi-contrib-3.5-FINAL-20090928.jar;E:\works\Workin\lib\poi-ooxml-3.5-FINAL-20090928.jar;E:\works\Workin\lib\rome-1.0.jar;E:\works\Workin\lib\selenium-java-client-driver-1.0.1.jar;E:\works\Workin\lib\servlet-api-2.4.jar;E:\works\Workin\lib\slf4j-api-1.5.8.jar;E:\works\Workin\lib\slf4j-log4j12-1.5.8.jar;E:\works\Workin\lib\spring-security-core-2.0.4.jar;E:\works\Workin\lib\spring-security-core-tiger-2.0.4.jar;E:\works\Workin\lib\spring-test.jar;E:\works\Workin\lib\spring.jar;E:\works\Workin\lib\struts2-core-2.1.8.jar;E:\works\Workin\lib\struts2-rome-plugin-0.3.jar;E:\works\Workin\lib\unitils-2.4.jar;E:\works\Workin\lib\wsdl4j-1.6.2.jar;E:\works\Workin\lib\wss4j-1.5.8.jar;E:\works\Workin\lib\wstx-asl-3.2.8.jar;E:\works\Workin\lib\xbean-spring-2.8.jar;E:\works\Workin\lib\xml-resolver-1.2.jar;E:\works\Workin\lib\xmlbeans-2.4.0.jar;E:\works\Workin\lib\xmlsec-1.4.3.jar;E:\works\Workin\lib\xpp3_min-1.1.4c.jar;E:\works\Workin\lib\xstream-1.3.1.jar;E:\works\Workin\lib\xwork-core-2.1.6.jar;E:\works\Workin;E:\iSpace\eclipse3.4\plugins\org.apache.ant_1.7.0.v200803061910\lib\ant-launcher.jar;E:\iSpace\eclipse3.4\plugins\org.apache.ant_1.7.0.v200803061910\lib\ant.jar;E:\iSpace\eclipse3.4\plugins\org.apache.ant_1.7.0.v200803061910\lib\ant-junit.jar" />
    <property name="ant.version" value="Apache Ant version 1.7.0 compiled on December 13 2006" />
    <property name="target.checkstyle.dir" value="E:\works\Workin/docs/checkstyle" />
    <property name="TSTAMP" value="1014" />
    <property name="java.vm.specification.name" value="Java Virtual Machine Specification" />
    <property name="java.vm.specification.version" value="1.0" />
    <property name="sun.cpu.endian" value="little" />
    <property name="sun.os.patch.level" value="Service Pack 3" />
    <property name="eclipse.pdebuild.home" value="/E:/iSpace/eclipse3.4/plugins/org.eclipse.pde.build_3.4.1.R34x_v20080805/./" />
    <property name="java.io.tmpdir" value="C:\DOCUME~1\Goingmm\LOCALS~1\Temp\" />
    <property name="java.vendor.url.bug" value="http://java.sun.com/cgi-bin/bugreport.cgi" />
    <property name="os.arch" value="x86" />
    <property name="java.awt.graphicsenv" value="sun.awt.Win32GraphicsEnvironment" />
    <property name="java.ext.dirs" value="C:\works\Java\jre6\lib\ext;C:\WINDOWS\Sun\Java\lib\ext" />
    <property name="target.report.dir" value="E:\works\Workin/docs/report" />
    <property name="user.dir" value="E:\works\Workin" />
    <property name="line.separator" value="
" />
    <property name="java.vm.name" value="Java HotSpot(TM) Client VM" />
    <property name="basedir" value="E:\works\Workin" />
    <property name="ant.java.version" value="1.6" />
    <property name="ant.core.lib" value="E:\iSpace\eclipse3.4\plugins\org.apache.ant_1.7.0.v200803061910\lib\ant.jar" />
    <property name="file.encoding" value="GB18030" />
    <property name="java.specification.version" value="1.6" />
  </properties>
  <testcase classname="org.workin.test.xml.JaxbBinderTest" name="bindObject2Xml" time="0.359" />
  <testcase classname="org.workin.test.xml.JaxbBinderTest" name="bindXml2Object" time="0.031" />
  <testcase classname="org.workin.test.xml.JaxbBinderTest" name="toXmlWithListAsRoot" time="0.0" />
  <system-out><![CDATA[[org.workin.test.xml.JaxbBinderTest] - < bind with bindObject2Xml: <?xml version="1.0" encoding="UTF-8" standalone="yes"?>
<user id="123">
    <name>G.Lee</name>
    <roles>
        <role name="Admin" id="1"/>
        <role name="User" id="2"/>
    </roles>
    <interests>
        <interest>girl</interest>
        <interest>football</interest>
    </interests>
    <houses>
        <house key="CD">Hourse-CD</house>
        <house key="NC">Hourse-NC</house>
    </houses>
</user>
>
[org.workin.test.xml.JaxbBinderTest] - <Jaxb Xml to Object result:
org.workin.test.xml.jaxb.User@f0c85e[id=123,name=G.Lee,password=<null>,roles=[org.workin.test.xml.jaxb.Role@1d2fc36[id=1,name=Admin], org.workin.test.xml.jaxb.Role@ac6a45[id=2,name=User]],interests=[girl, football],houses={CD=Hourse-CD, NC=Hourse-NC}]>
[org.workin.test.xml.JaxbBinderTest] - <Jaxb Object List to Xml result:
<?xml version="1.0" encoding="UTF-8" standalone="yes"?>
<userList>
    <user id="123">
        <name>G.Lee</name>
        <roles>
            <role name="Admin" id="1"/>
            <role name="User" id="2"/>
        </roles>
        <interests>
            <interest>girl</interest>
            <interest>football</interest>
        </interests>
        <houses>
            <house key="CD">Hourse-CD</house>
            <house key="NC">Hourse-NC</house>
        </houses>
    </user>
    <user id="234">
        <name>Bily</name>
        <roles>
            <role name="User" id="2"/>
        </roles>
        <interests>
            <interest>boy</interest>
            <interest>ball</interest>
        </interests>
        <houses>
            <house key="CD">CD-Hourse</house>
            <house key="CQ">CQ-Hourse</house>
        </houses>
    </user>
</userList>
>
]]></system-out>
  <system-err><![CDATA[]]></system-err>
</testsuite>
