<?xml version="1.0" encoding="UTF-8" ?>
<testsuite errors="0" failures="0" hostname="cdc-odc-junjie" name="org.workin.test.security.jcaptcha.JCaptchaFilterTest" tests="3" time="20.156" timestamp="2009-12-16T02:15:21">
  <properties>
    <property name="java.vendor" value="Sun Microsystems Inc." />
    <property name="lib.dir" value="E:\works\Workin/lib" />
    <property name="sun.java.launcher" value="SUN_STANDARD" />
    <property name="eclipse.pdebuild.templates" value="/E:/iSpace/eclipse3.4/plugins/org.eclipse.pde.build_3.4.1.R34x_v20080805/templates/" />
    <property name="sun.management.compiler" value="HotSpot Client Compiler" />
    <property name="os.name" value="Windows XP" />
    <property name="sun.boot.class.path" value="C:\works\Java\jre6\lib\resources.jar;C:\works\Java\jre6\lib\rt.jar;C:\works\Java\jre6\lib\sunrsasign.jar;C:\works\Java\jre6\lib\jsse.jar;C:\works\Java\jre6\lib\jce.jar;C:\works\Java\jre6\lib\charsets.jar;C:\works\Java\jre6\classes" />
    <property name="TODAY" value="December 16 2009" />
    <property name="ant.file.workin" value="E:\works\Workin\build.xml" />
    <property name="sun.desktop" value="windows" />
    <property name="java.vm.specification.vendor" value="Sun Microsystems Inc." />
    <property name="ant.home" value="E:\iSpace\eclipse3.4\plugins\org.apache.ant_1.7.0.v200803061910" />
    <property name="java.runtime.version" value="1.6.0_17-b04" />
    <property name="user.name" value="Goingmm" />
    <property name="build.dir" value="E:\works\Workin/bin" />
    <property name="user.language" value="zh" />
    <property name="sun.boot.library.path" value="C:\works\Java\jre6\bin" />
    <property name="target.codes.work" value="E:\works\Workin/workin" />
    <property name="target.javadoc.dir" value="E:\works\Workin/docs/javadoc" />
    <property name="ant.project.name" value="workin" />
    <property name="DSTAMP" value="20091216" />
    <property name="target.codes.test" value="E:\works\Workin/workin-test" />
    <property name="target.jars.dir" value="E:\works\Workin/dist" />
    <property name="java.version" value="1.6.0_17" />
    <property name="user.timezone" value="" />
    <property name="sun.arch.data.model" value="32" />
    <property name="java.endorsed.dirs" value="C:\works\Java\jre6\lib\endorsed" />
    <property name="sun.cpu.isalist" value="pentium_pro+mmx pentium_pro pentium+mmx pentium i486 i386 i86" />
    <property name="sun.jnu.encoding" value="GB18030" />
    <property name="file.encoding.pkg" value="sun.io" />
    <property name="file.separator" value="\" />
    <property name="java.specification.name" value="Java Platform API Specification" />
    <property name="java.class.version" value="50.0" />
    <property name="user.country" value="CN" />
    <property name="java.home" value="C:\works\Java\jre6" />
    <property name="java.vm.info" value="mixed mode, sharing" />
    <property name="ant.file" value="E:\works\Workin\build.xml" />
    <property name="os.version" value="5.1" />
    <property name="path.separator" value=";" />
    <property name="java.vm.version" value="14.3-b01" />
    <property name="user.variant" value="" />
    <property name="ant.library.dir" value="E:\iSpace\eclipse3.4\plugins\org.apache.ant_1.7.0.v200803061910\lib" />
    <property name="java.awt.printerjob" value="sun.awt.windows.WPrinterJob" />
    <property name="sun.io.unicode.encoding" value="UnicodeLittle" />
    <property name="awt.toolkit" value="sun.awt.windows.WToolkit" />
    <property name="eclipse.pdebuild.scripts" value="/E:/iSpace/eclipse3.4/plugins/org.eclipse.pde.build_3.4.1.R34x_v20080805/scripts/" />
    <property name="user.home" value="C:\Documents and Settings\Goingmm" />
    <property name="java.specification.vendor" value="Sun Microsystems Inc." />
    <property name="java.library.path" value="C:\works\Java\jre6\bin;.;C:\WINDOWS\Sun\Java\bin;C:\WINDOWS\system32;C:\WINDOWS;C:/works/Java/jre6/bin/client;C:/works/Java/jre6/bin;C:\Program Files\Common Files\NetSarang;d:\oracle\product\10.2.0\db_1\bin;C:\WINDOWS\system32;C:\WINDOWS;C:\WINDOWS\System32\Wbem;C:\works\Java\jdk\bin;C:\maven209\bin;C:\Program Files\TortoiseSVN\bin;C:\Python31;C:\ant\bin;C:\grails\bin;C:\apache-cxf\bin;C:\works\Tomcat\bin;C:\Groovy\Groovy16\bin;C:\Program Files\cvsnt;E:\iSpace\cxf-224\bin;C:\Program Files\StormII\Codec;C:\Program Files\StormII" />
    <property name="java.vendor.url" value="http://java.sun.com/" />
    <property name="java.vm.vendor" value="Sun Microsystems Inc." />
    <property name="java.runtime.name" value="Java(TM) SE Runtime Environment" />
    <property name="java.class.path" value="E:\works\Workin\bin;E:\works\Workin\lib\XmlSchema-1.4.5.jar;E:\works\Workin\lib\activemq-all-5.3.0.jar;E:\works\Workin\lib\activemq-pool-5.3.0.jar;E:\works\Workin\lib\antlr-2.7.6.jar;E:\works\Workin\lib\asm-attrs.jar;E:\works\Workin\lib\asm.jar;E:\works\Workin\lib\aspectjrt.jar;E:\works\Workin\lib\aspectjweaver-1.6.5.jar;E:\works\Workin\lib\c3p0-0.9.1.2.jar;E:\works\Workin\lib\cglib-2.1.3.jar;E:\works\Workin\lib\commons-beanutils-1.8.2.jar;E:\works\Workin\lib\commons-codec-1.4.jar;E:\works\Workin\lib\commons-collections-3.2.1.jar;E:\works\Workin\lib\commons-io-1.4.jar;E:\works\Workin\lib\commons-jexl-1.1.jar;E:\works\Workin\lib\commons-lang-2.4.jar;E:\works\Workin\lib\commons-logging-1.1.1.jar;E:\works\Workin\lib\commons-pool-1.4.jar;E:\works\Workin\lib\cxf-2.2.4.jar;E:\works\Workin\lib\cxf-manifest.jar;E:\works\Workin\lib\displaytag-1.2.jar;E:\works\Workin\lib\dom4j-1.6.1.jar;E:\works\Workin\lib\ehcache-1.6.1.jar;E:\works\Workin\lib\ehcache-jgroupsreplication-1.3.jar;E:\works\Workin\lib\freemarker-2.3.8.jar;E:\works\Workin\lib\hessian-4.0.2.jar;E:\works\Workin\lib\hibernate-annotations-3.4.0.GA.jar;E:\works\Workin\lib\hibernate-commons-annotations-3.1.0.GA.jar;E:\works\Workin\lib\hibernate-core-3.3.2.GA.jar;E:\works\Workin\lib\hibernate-ehcache-3.3.2.GA.jar;E:\works\Workin\lib\hibernate-entitymanager.jar;E:\works\Workin\lib\httpclient-4.0.jar;E:\works\Workin\lib\httpcore-4.0.1.jar;E:\works\Workin\lib\ibatis-2.3.4.726.jar;E:\works\Workin\lib\imaging-01012005.jar;E:\works\Workin\lib\irontracksql.jar;E:\works\Workin\lib\javassist-3.4.GA.jar;E:\works\Workin\lib\jaxen-1.1.jar;E:\works\Workin\lib\jcaptcha-1.0.jar;E:\works\Workin\lib\jcaptcha-api-1.0.jar;E:\works\Workin\lib\jdom-1.0.jar;E:\works\Workin\lib\jettison-1.1.jar;E:\works\Workin\lib\jetty-6.1.21.jar;E:\works\Workin\lib\jetty-util-6.1.21.jar;E:\works\Workin\lib\jgroups-2.6.8.GA.jar;E:\works\Workin\lib\json-lib-2.2.3-jdk15.jar;E:\works\Workin\lib\jsr311-api-1.0.jar;E:\works\Workin\lib\jta-1.1.jar;E:\works\Workin\lib\jul-to-slf4j-1.5.8.jar;E:\works\Workin\lib\junit-4.8.jar;E:\works\Workin\lib\log4j-1.2.15.jar;E:\works\Workin\lib\mail-1.4.1.jar;E:\works\Workin\lib\mysql-connector-java-5.1.6.jar;E:\works\Workin\lib\neethi-2.0.4.jar;E:\works\Workin\lib\ooxml-schemas-1.0.jar;E:\works\Workin\lib\p6spy-1.3.jar;E:\works\Workin\lib\perf4j-0.9.11.jar;E:\works\Workin\lib\persistence.jar;E:\works\Workin\lib\poi-3.5-FINAL-20090928.jar;E:\works\Workin\lib\poi-contrib-3.5-FINAL-20090928.jar;E:\works\Workin\lib\poi-ooxml-3.5-FINAL-20090928.jar;E:\works\Workin\lib\rome-1.0.jar;E:\works\Workin\lib\selenium-java-client-driver-1.0.1.jar;E:\works\Workin\lib\servlet-api-2.4.jar;E:\works\Workin\lib\slf4j-api-1.5.8.jar;E:\works\Workin\lib\slf4j-log4j12-1.5.8.jar;E:\works\Workin\lib\spring-security-core-2.0.4.jar;E:\works\Workin\lib\spring-security-core-tiger-2.0.4.jar;E:\works\Workin\lib\spring-test.jar;E:\works\Workin\lib\spring.jar;E:\works\Workin\lib\struts2-core-2.1.8.jar;E:\works\Workin\lib\struts2-rome-plugin-0.3.jar;E:\works\Workin\lib\unitils-2.4.jar;E:\works\Workin\lib\wsdl4j-1.6.2.jar;E:\works\Workin\lib\wss4j-1.5.8.jar;E:\works\Workin\lib\wstx-asl-3.2.8.jar;E:\works\Workin\lib\xbean-spring-2.8.jar;E:\works\Workin\lib\xml-resolver-1.2.jar;E:\works\Workin\lib\xmlbeans-2.4.0.jar;E:\works\Workin\lib\xmlsec-1.4.3.jar;E:\works\Workin\lib\xpp3_min-1.1.4c.jar;E:\works\Workin\lib\xstream-1.3.1.jar;E:\works\Workin\lib\xwork-core-2.1.6.jar;E:\works\Workin;E:\iSpace\eclipse3.4\plugins\org.apache.ant_1.7.0.v200803061910\lib\ant-launcher.jar;E:\iSpace\eclipse3.4\plugins\org.apache.ant_1.7.0.v200803061910\lib\ant.jar;E:\iSpace\eclipse3.4\plugins\org.apache.ant_1.7.0.v200803061910\lib\ant-junit.jar" />
    <property name="ant.version" value="Apache Ant version 1.7.0 compiled on December 13 2006" />
    <property name="target.checkstyle.dir" value="E:\works\Workin/docs/checkstyle" />
    <property name="TSTAMP" value="1014" />
    <property name="java.vm.specification.name" value="Java Virtual Machine Specification" />
    <property name="java.vm.specification.version" value="1.0" />
    <property name="sun.cpu.endian" value="little" />
    <property name="sun.os.patch.level" value="Service Pack 3" />
    <property name="eclipse.pdebuild.home" value="/E:/iSpace/eclipse3.4/plugins/org.eclipse.pde.build_3.4.1.R34x_v20080805/./" />
    <property name="java.io.tmpdir" value="C:\DOCUME~1\Goingmm\LOCALS~1\Temp\" />
    <property name="java.vendor.url.bug" value="http://java.sun.com/cgi-bin/bugreport.cgi" />
    <property name="os.arch" value="x86" />
    <property name="java.awt.graphicsenv" value="sun.awt.Win32GraphicsEnvironment" />
    <property name="java.ext.dirs" value="C:\works\Java\jre6\lib\ext;C:\WINDOWS\Sun\Java\lib\ext" />
    <property name="target.report.dir" value="E:\works\Workin/docs/report" />
    <property name="user.dir" value="E:\works\Workin" />
    <property name="line.separator" value="
" />
    <property name="java.vm.name" value="Java HotSpot(TM) Client VM" />
    <property name="basedir" value="E:\works\Workin" />
    <property name="ant.java.version" value="1.6" />
    <property name="ant.core.lib" value="E:\iSpace\eclipse3.4\plugins\org.apache.ant_1.7.0.v200803061910\lib\ant.jar" />
    <property name="file.encoding" value="GB18030" />
    <property name="java.specification.version" value="1.6" />
  </properties>
  <testcase classname="org.workin.test.security.jcaptcha.JCaptchaFilterTest" name="displayImage" time="16.343" />
  <testcase classname="org.workin.test.security.jcaptcha.JCaptchaFilterTest" name="validateWithErrorCaptcha" time="2.469" />
  <testcase classname="org.workin.test.security.jcaptcha.JCaptchaFilterTest" name="validateWithAutoPass" time="1.281" />
  <system-out><![CDATA[[org.springframework.mock.web.MockServletContext] - <Initializing Spring root WebApplicationContext>
[org.springframework.web.context.ContextLoader] - <Root WebApplicationContext: initialization started>
[org.springframework.web.context.support.XmlWebApplicationContext] - <Refreshing org.springframework.web.context.support.XmlWebApplicationContext@cec0c5: display name [Root WebApplicationContext]; startup date [Wed Dec 16 10:15:22 CST 2009]; root of context hierarchy>
[org.springframework.beans.factory.xml.XmlBeanDefinitionReader] - <Loading XML bean definitions from ServletContext resource [/applicationContext.xml]>
[org.springframework.beans.factory.xml.XmlBeanDefinitionReader] - <Loading XML bean definitions from ServletContext resource [/tx/applicationContext-tx.xml]>
[org.springframework.beans.factory.xml.XmlBeanDefinitionReader] - <Loading XML bean definitions from ServletContext resource [/persistence/applicationContext-persistence.xml]>
[org.springframework.beans.factory.xml.XmlBeanDefinitionReader] - <Loading XML bean definitions from ServletContext resource [/security/applicationContext-security.xml]>
[org.springframework.beans.factory.xml.XmlBeanDefinitionReader] - <Loading XML bean definitions from ServletContext resource [/apps/applicationContext-person.xml]>
[org.springframework.beans.factory.xml.XmlBeanDefinitionReader] - <Loading XML bean definitions from ServletContext resource [/email/applicationContext-email.xml]>
[org.springframework.beans.factory.xml.XmlBeanDefinitionReader] - <Loading XML bean definitions from ServletContext resource [/rss/applicationContext-rss.xml]>
[org.springframework.beans.factory.xml.XmlBeanDefinitionReader] - <Loading XML bean definitions from ServletContext resource [/security/applicationContext-security.xml]>
[org.springframework.beans.factory.support.DefaultListableBeanFactory] - <Overriding bean definition for bean 'captchaService': replacing [Generic bean: class [com.octo.captcha.service.image.DefaultManageableImageCaptchaService]; scope=singleton; abstract=false; lazyInit=true; autowireMode=0; dependencyCheck=0; autowireCandidate=true; primary=false; factoryBeanName=null; factoryMethodName=null; initMethodName=null; destroyMethodName=null; defined in ServletContext resource [/security/applicationContext-security.xml]] with [Generic bean: class [com.octo.captcha.service.image.DefaultManageableImageCaptchaService]; scope=singleton; abstract=false; lazyInit=true; autowireMode=0; dependencyCheck=0; autowireCandidate=true; primary=false; factoryBeanName=null; factoryMethodName=null; initMethodName=null; destroyMethodName=null; defined in ServletContext resource [/security/applicationContext-security.xml&#x5d;&#x5d;&gt;
[org.springframework.web.context.support.XmlWebApplicationContext] - <Bean factory for application context [org.springframework.web.context.support.XmlWebApplicationContext@cec0c5]: org.springframework.beans.factory.support.DefaultListableBeanFactory@10dc6b5>
[org.springframework.beans.factory.config.PropertyPlaceholderConfigurer] - <Loading properties file from class path resource [applicationContext.properties]>
[org.springframework.beans.factory.config.PropertyPlaceholderConfigurer] - <Loading properties file from class path resource [email/email.properties]>
[org.springframework.beans.factory.config.PropertyPlaceholderConfigurer] - <Loading properties file from class path resource [jms/jms.properties]>
[org.springframework.beans.factory.config.PropertyPlaceholderConfigurer] - <Loading properties file from ServletContext resource [/rss/rss.properties]>
[org.springframework.web.context.support.XmlWebApplicationContext] - <Bean 'org.springframework.orm.jpa.vendor.HibernateJpaVendorAdapter#39443f' is not eligible for getting processed by all BeanPostProcessors (for example: not eligible for auto-proxying)>
[org.springframework.web.context.support.XmlWebApplicationContext] - <Bean 'dataSource' is not eligible for getting processed by all BeanPostProcessors (for example: not eligible for auto-proxying)>
[org.springframework.orm.jpa.LocalContainerEntityManagerFactoryBean] - <Building JPA container EntityManagerFactory for persistence unit 'Workin'>
[org.hibernate.cfg.annotations.Version] - <Hibernate Annotations 3.4.0.GA>
[org.hibernate.cfg.Environment] - <Hibernate 3.3.2.GA>
[org.hibernate.cfg.Environment] - <hibernate.properties not found>
[org.hibernate.cfg.Environment] - <Bytecode provider name : javassist>
[org.hibernate.cfg.Environment] - <using JDK 1.4 java.sql.Timestamp handling>
[org.hibernate.annotations.common.Version] - <Hibernate Commons Annotations 3.1.0.GA>
[org.hibernate.ejb.Version] - <Hibernate EntityManager 3.4.0.GA>
[org.hibernate.ejb.Ejb3Configuration] - <Processing PersistenceUnitInfo [
	name: Workin
	...]>
[org.hibernate.cfg.AnnotationConfiguration] - <Mapping package org.workin.test.ws.soap.service.image.small>
[org.hibernate.cfg.AnnotationConfiguration] - <Mapping package org.workin.test.ws.soap.client>
[org.hibernate.cfg.AnnotationConfiguration] - <Mapping package org.workin.test.ws.soap.service.image.large>
[org.hibernate.cfg.AnnotationBinder] - <Binding entity from annotated class: org.workin.test.application.entity.Address>
[org.hibernate.cfg.annotations.EntityBinder] - <Bind entity org.workin.test.application.entity.Address on table Address>
[org.hibernate.cfg.AnnotationBinder] - <Binding entity from annotated class: org.workin.test.application.entity.Person>
[org.hibernate.cfg.annotations.QueryBinder] - <Binding Named query: findAllPerson => SELECT p FROM Person p>
[org.hibernate.cfg.annotations.QueryBinder] - <Binding Named query: findPersonByName => SELECT p FROM Person p WHERE p.name = :name>
[org.hibernate.cfg.annotations.QueryBinder] - <Binding Named query: findPersonByNameExt => SELECT p FROM Person p WHERE p.name = ?>
[org.hibernate.cfg.annotations.QueryBinder] - <Binding Named query: update_Person => UPDATE Person SET name = ? WHERE name = ?>
[org.hibernate.cfg.annotations.QueryBinder] - <Binding Named query: del_Person => DELETE FROM Person WHERE name = ?>
[org.hibernate.cfg.annotations.EntityBinder] - <Bind entity org.workin.test.application.entity.Person on table person>
[org.hibernate.cfg.AnnotationConfiguration] - <Hibernate Validator not found: ignoring>
[org.hibernate.cfg.search.HibernateSearchEventListenerRegister] - <Unable to find org.hibernate.search.event.FullTextIndexEventListener on the classpath. Hibernate Search is not enabled.>
[org.hibernate.connection.ConnectionProviderFactory] - <Initializing connection provider: org.hibernate.ejb.connection.InjectedDataSourceConnectionProvider>
[org.hibernate.ejb.connection.InjectedDataSourceConnectionProvider] - <Using provided datasource>
[org.hibernate.cfg.SettingsFactory] - <RDBMS: MySQL, version: 6.0.7-alpha-community-log>
[org.hibernate.cfg.SettingsFactory] - <JDBC driver: MySQL-AB JDBC Driver, version: mysql-connector-java-5.1.6 ( Revision: ${svn.Revision} )>
[org.hibernate.dialect.Dialect] - <Using dialect: org.hibernate.dialect.MySQL5InnoDBDialect>
[org.hibernate.transaction.TransactionFactoryFactory] - <Transaction strategy: org.hibernate.transaction.JDBCTransactionFactory>
[org.hibernate.transaction.TransactionManagerLookupFactory] - <No TransactionManagerLookup configured (in JTA environment, use of read-write or transactional second-level cache is not recommended)>
[org.hibernate.cfg.SettingsFactory] - <Automatic flush during beforeCompletion(): disabled>
[org.hibernate.cfg.SettingsFactory] - <Automatic session close at end of transaction: disabled>
[org.hibernate.cfg.SettingsFactory] - <JDBC batch size: 15>
[org.hibernate.cfg.SettingsFactory] - <JDBC batch updates for versioned data: disabled>
[org.hibernate.cfg.SettingsFactory] - <Scrollable result sets: enabled>
[org.hibernate.cfg.SettingsFactory] - <JDBC3 getGeneratedKeys(): enabled>
[org.hibernate.cfg.SettingsFactory] - <Connection release mode: auto>
[org.hibernate.cfg.SettingsFactory] - <Maximum outer join fetch depth: 2>
[org.hibernate.cfg.SettingsFactory] - <Default batch fetch size: 1>
[org.hibernate.cfg.SettingsFactory] - <Generate SQL with comments: disabled>
[org.hibernate.cfg.SettingsFactory] - <Order SQL updates by primary key: disabled>
[org.hibernate.cfg.SettingsFactory] - <Order SQL inserts for batching: disabled>
[org.hibernate.cfg.SettingsFactory] - <Query translator: org.hibernate.hql.ast.ASTQueryTranslatorFactory>
[org.hibernate.hql.ast.ASTQueryTranslatorFactory] - <Using ASTQueryTranslatorFactory>
[org.hibernate.cfg.SettingsFactory] - <Query language substitutions: {}>
[org.hibernate.cfg.SettingsFactory] - <JPA-QL strict compliance: enabled>
[org.hibernate.cfg.SettingsFactory] - <Second-level cache: enabled>
[org.hibernate.cfg.SettingsFactory] - <Query cache: enabled>
[org.hibernate.cfg.SettingsFactory] - <Cache region factory : org.hibernate.cache.impl.bridge.RegionFactoryCacheProviderBridge>
[org.hibernate.cfg.SettingsFactory] - <Optimize cache for minimal puts: disabled>
[org.hibernate.cfg.SettingsFactory] - <Structured second-level cache entries: disabled>
[org.hibernate.cfg.SettingsFactory] - <Query cache factory: org.hibernate.cache.StandardQueryCacheFactory>
[org.hibernate.cfg.SettingsFactory] - <Echoing all SQL to stdout>
[org.hibernate.cfg.SettingsFactory] - <Statistics: enabled>
[org.hibernate.cfg.SettingsFactory] - <Deleted entity synthetic identifier rollback: disabled>
[org.hibernate.cfg.SettingsFactory] - <Default entity-mode: pojo>
[org.hibernate.cfg.SettingsFactory] - <Named query checking : enabled>
[org.hibernate.impl.SessionFactoryImpl] - <building session factory>
[org.hibernate.impl.SessionFactoryObjectFactory] - <Not binding factory to JNDI, no JNDI name configured>
[org.hibernate.tool.hbm2ddl.SchemaUpdate] - <Running hbm2ddl schema update>
[org.hibernate.tool.hbm2ddl.SchemaUpdate] - <fetching database metadata>
[org.hibernate.tool.hbm2ddl.SchemaUpdate] - <updating schema>
[org.hibernate.tool.hbm2ddl.TableMetadata] - <table found: workin.address>
[org.hibernate.tool.hbm2ddl.TableMetadata] - <columns: [work, id, home, phone, updatedttm, updateby, createby, createdttm, version]>
[org.hibernate.tool.hbm2ddl.TableMetadata] - <foreign keys: []>
[org.hibernate.tool.hbm2ddl.TableMetadata] - <indexes: [primary]>
[org.hibernate.tool.hbm2ddl.TableMetadata] - <table found: workin.person>
[org.hibernate.tool.hbm2ddl.TableMetadata] - <columns: [id, birthday, sex, updatedttm, updateby, createby, name, createdttm, version]>
[org.hibernate.tool.hbm2ddl.TableMetadata] - <foreign keys: []>
[org.hibernate.tool.hbm2ddl.TableMetadata] - <indexes: [primary]>
[org.hibernate.tool.hbm2ddl.TableMetadata] - <table found: workin.person_address>
[org.hibernate.tool.hbm2ddl.TableMetadata] - <columns: [person_id, address_id]>
[org.hibernate.tool.hbm2ddl.TableMetadata] - <foreign keys: [fk873150eafc95f519, fk873150eaa1a6ad9b]>
[org.hibernate.tool.hbm2ddl.TableMetadata] - <indexes: [fk873150eafc95f519, address_id, fk873150eaa1a6ad9b, primary]>
[org.hibernate.tool.hbm2ddl.SchemaUpdate] - <schema update complete>
[org.springframework.web.context.support.XmlWebApplicationContext] - <Bean 'entityManagerFactory' is not eligible for getting processed by all BeanPostProcessors (for example: not eligible for auto-proxying)>
[org.springframework.beans.factory.support.DefaultListableBeanFactory] - <Pre-instantiating singletons in org.springframework.beans.factory.support.DefaultListableBeanFactory@10dc6b5: defining beans [org.springframework.beans.factory.config.PropertyPlaceholderConfigurer#0,org.springframework.context.annotation.internalPersistenceAnnotationProcessor,org.springframework.context.annotation.internalCommonAnnotationProcessor,org.springframework.context.annotation.internalAutowiredAnnotationProcessor,org.springframework.context.annotation.internalRequiredAnnotationProcessor,transactionManager,org.springframework.aop.config.internalAutoProxyCreator,org.springframework.transaction.annotation.AnnotationTransactionAttributeSource#0,org.springframework.transaction.interceptor.TransactionInterceptor#0,org.springframework.transaction.config.internalTransactionAdvisor,txAdvice,txAdvicePointcut,org.springframework.aop.support.DefaultBeanFactoryPointcutAdvisor#0,dataSource,entityManagerFactory,sqlMapClient,jpaPersistence,sqlMapPersistence,persistenceService,captchaService,personService,mailSender,mailService,mimeMailService,freemarkerConfiguration,templetOfFeed,rssBuilder,dateBean,julToSlf4jHandler,springContextHolder,auditEventProvider,auditEventExecutor,org.springframework.dao.annotation.PersistenceExceptionTranslationPostProcessor#0]; root of factory hierarchy>
[org.workin.core.entity.support.AuditEventProvider] - < Audit Event Executor : org.workin.core.entity.support.AuditEventExecutorImpl>
[org.springframework.web.context.ContextLoader] - <Root WebApplicationContext: initialization completed in 4406 ms>
[com.octo.captcha.service.image.DefaultManageableImageCaptchaService] - <Init com.octo.captcha.service.captchastore.FastHashMapCaptchaStore>
[org.springframework.mock.web.MockServletContext] - <Initializing Spring root WebApplicationContext>
[org.springframework.web.context.ContextLoader] - <Root WebApplicationContext: initialization started>
[org.springframework.web.context.support.XmlWebApplicationContext] - <Refreshing org.springframework.web.context.support.XmlWebApplicationContext@10cc730: display name [Root WebApplicationContext]; startup date [Wed Dec 16 10:15:38 CST 2009]; root of context hierarchy>
[org.springframework.beans.factory.xml.XmlBeanDefinitionReader] - <Loading XML bean definitions from ServletContext resource [/applicationContext.xml]>
[org.springframework.beans.factory.xml.XmlBeanDefinitionReader] - <Loading XML bean definitions from ServletContext resource [/tx/applicationContext-tx.xml]>
[org.springframework.beans.factory.xml.XmlBeanDefinitionReader] - <Loading XML bean definitions from ServletContext resource [/persistence/applicationContext-persistence.xml]>
[org.springframework.beans.factory.xml.XmlBeanDefinitionReader] - <Loading XML bean definitions from ServletContext resource [/security/applicationContext-security.xml]>
[org.springframework.beans.factory.xml.XmlBeanDefinitionReader] - <Loading XML bean definitions from ServletContext resource [/apps/applicationContext-person.xml]>
[org.springframework.beans.factory.xml.XmlBeanDefinitionReader] - <Loading XML bean definitions from ServletContext resource [/email/applicationContext-email.xml]>
[org.springframework.beans.factory.xml.XmlBeanDefinitionReader] - <Loading XML bean definitions from ServletContext resource [/rss/applicationContext-rss.xml]>
[org.springframework.beans.factory.xml.XmlBeanDefinitionReader] - <Loading XML bean definitions from ServletContext resource [/security/applicationContext-security.xml]>
[org.springframework.beans.factory.support.DefaultListableBeanFactory] - <Overriding bean definition for bean 'captchaService': replacing [Generic bean: class [com.octo.captcha.service.image.DefaultManageableImageCaptchaService]; scope=singleton; abstract=false; lazyInit=true; autowireMode=0; dependencyCheck=0; autowireCandidate=true; primary=false; factoryBeanName=null; factoryMethodName=null; initMethodName=null; destroyMethodName=null; defined in ServletContext resource [/security/applicationContext-security.xml]] with [Generic bean: class [com.octo.captcha.service.image.DefaultManageableImageCaptchaService]; scope=singleton; abstract=false; lazyInit=true; autowireMode=0; dependencyCheck=0; autowireCandidate=true; primary=false; factoryBeanName=null; factoryMethodName=null; initMethodName=null; destroyMethodName=null; defined in ServletContext resource [/security/applicationContext-security.xml&#x5d;&#x5d;&gt;
[org.springframework.web.context.support.XmlWebApplicationContext] - <Bean factory for application context [org.springframework.web.context.support.XmlWebApplicationContext@10cc730]: org.springframework.beans.factory.support.DefaultListableBeanFactory@13a3d36>
[org.springframework.beans.factory.config.PropertyPlaceholderConfigurer] - <Loading properties file from class path resource [applicationContext.properties]>
[org.springframework.beans.factory.config.PropertyPlaceholderConfigurer] - <Loading properties file from class path resource [email/email.properties]>
[org.springframework.beans.factory.config.PropertyPlaceholderConfigurer] - <Loading properties file from class path resource [jms/jms.properties]>
[org.springframework.beans.factory.config.PropertyPlaceholderConfigurer] - <Loading properties file from ServletContext resource [/rss/rss.properties]>
[org.springframework.web.context.support.XmlWebApplicationContext] - <Bean 'org.springframework.orm.jpa.vendor.HibernateJpaVendorAdapter#6baf24' is not eligible for getting processed by all BeanPostProcessors (for example: not eligible for auto-proxying)>
[org.springframework.web.context.support.XmlWebApplicationContext] - <Bean 'dataSource' is not eligible for getting processed by all BeanPostProcessors (for example: not eligible for auto-proxying)>
[org.springframework.orm.jpa.LocalContainerEntityManagerFactoryBean] - <Building JPA container EntityManagerFactory for persistence unit 'Workin'>
[org.hibernate.ejb.Ejb3Configuration] - <Processing PersistenceUnitInfo [
	name: Workin
	...]>
[org.hibernate.cfg.AnnotationConfiguration] - <Mapping package org.workin.test.ws.soap.service.image.small>
[org.hibernate.cfg.AnnotationConfiguration] - <Mapping package org.workin.test.ws.soap.client>
[org.hibernate.cfg.AnnotationConfiguration] - <Mapping package org.workin.test.ws.soap.service.image.large>
[org.hibernate.cfg.AnnotationBinder] - <Binding entity from annotated class: org.workin.test.application.entity.Address>
[org.hibernate.cfg.annotations.EntityBinder] - <Bind entity org.workin.test.application.entity.Address on table Address>
[org.hibernate.cfg.AnnotationBinder] - <Binding entity from annotated class: org.workin.test.application.entity.Person>
[org.hibernate.cfg.annotations.QueryBinder] - <Binding Named query: findAllPerson => SELECT p FROM Person p>
[org.hibernate.cfg.annotations.QueryBinder] - <Binding Named query: findPersonByName => SELECT p FROM Person p WHERE p.name = :name>
[org.hibernate.cfg.annotations.QueryBinder] - <Binding Named query: findPersonByNameExt => SELECT p FROM Person p WHERE p.name = ?>
[org.hibernate.cfg.annotations.QueryBinder] - <Binding Named query: update_Person => UPDATE Person SET name = ? WHERE name = ?>
[org.hibernate.cfg.annotations.QueryBinder] - <Binding Named query: del_Person => DELETE FROM Person WHERE name = ?>
[org.hibernate.cfg.annotations.EntityBinder] - <Bind entity org.workin.test.application.entity.Person on table person>
[org.hibernate.cfg.AnnotationConfiguration] - <Hibernate Validator not found: ignoring>
[org.hibernate.cfg.search.HibernateSearchEventListenerRegister] - <Unable to find org.hibernate.search.event.FullTextIndexEventListener on the classpath. Hibernate Search is not enabled.>
[org.hibernate.connection.ConnectionProviderFactory] - <Initializing connection provider: org.hibernate.ejb.connection.InjectedDataSourceConnectionProvider>
[org.hibernate.ejb.connection.InjectedDataSourceConnectionProvider] - <Using provided datasource>
[org.hibernate.cfg.SettingsFactory] - <RDBMS: MySQL, version: 6.0.7-alpha-community-log>
[org.hibernate.cfg.SettingsFactory] - <JDBC driver: MySQL-AB JDBC Driver, version: mysql-connector-java-5.1.6 ( Revision: ${svn.Revision} )>
[org.hibernate.dialect.Dialect] - <Using dialect: org.hibernate.dialect.MySQL5InnoDBDialect>
[org.hibernate.transaction.TransactionFactoryFactory] - <Transaction strategy: org.hibernate.transaction.JDBCTransactionFactory>
[org.hibernate.transaction.TransactionManagerLookupFactory] - <No TransactionManagerLookup configured (in JTA environment, use of read-write or transactional second-level cache is not recommended)>
[org.hibernate.cfg.SettingsFactory] - <Automatic flush during beforeCompletion(): disabled>
[org.hibernate.cfg.SettingsFactory] - <Automatic session close at end of transaction: disabled>
[org.hibernate.cfg.SettingsFactory] - <JDBC batch size: 15>
[org.hibernate.cfg.SettingsFactory] - <JDBC batch updates for versioned data: disabled>
[org.hibernate.cfg.SettingsFactory] - <Scrollable result sets: enabled>
[org.hibernate.cfg.SettingsFactory] - <JDBC3 getGeneratedKeys(): enabled>
[org.hibernate.cfg.SettingsFactory] - <Connection release mode: auto>
[org.hibernate.cfg.SettingsFactory] - <Maximum outer join fetch depth: 2>
[org.hibernate.cfg.SettingsFactory] - <Default batch fetch size: 1>
[org.hibernate.cfg.SettingsFactory] - <Generate SQL with comments: disabled>
[org.hibernate.cfg.SettingsFactory] - <Order SQL updates by primary key: disabled>
[org.hibernate.cfg.SettingsFactory] - <Order SQL inserts for batching: disabled>
[org.hibernate.cfg.SettingsFactory] - <Query translator: org.hibernate.hql.ast.ASTQueryTranslatorFactory>
[org.hibernate.hql.ast.ASTQueryTranslatorFactory] - <Using ASTQueryTranslatorFactory>
[org.hibernate.cfg.SettingsFactory] - <Query language substitutions: {}>
[org.hibernate.cfg.SettingsFactory] - <JPA-QL strict compliance: enabled>
[org.hibernate.cfg.SettingsFactory] - <Second-level cache: enabled>
[org.hibernate.cfg.SettingsFactory] - <Query cache: enabled>
[org.hibernate.cfg.SettingsFactory] - <Cache region factory : org.hibernate.cache.impl.bridge.RegionFactoryCacheProviderBridge>
[org.hibernate.cfg.SettingsFactory] - <Optimize cache for minimal puts: disabled>
[org.hibernate.cfg.SettingsFactory] - <Structured second-level cache entries: disabled>
[org.hibernate.cfg.SettingsFactory] - <Query cache factory: org.hibernate.cache.StandardQueryCacheFactory>
[org.hibernate.cfg.SettingsFactory] - <Echoing all SQL to stdout>
[org.hibernate.cfg.SettingsFactory] - <Statistics: enabled>
[org.hibernate.cfg.SettingsFactory] - <Deleted entity synthetic identifier rollback: disabled>
[org.hibernate.cfg.SettingsFactory] - <Default entity-mode: pojo>
[org.hibernate.cfg.SettingsFactory] - <Named query checking : enabled>
[org.hibernate.impl.SessionFactoryImpl] - <building session factory>
[net.sf.ehcache.CacheManager] - <Creating a new instance of CacheManager using the diskStorePath "C:\DOCUME~1\Goingmm\LOCALS~1\Temp\/ehcache/workin" which is already used by an existing CacheManager.
The source of the configuration was URL of file:/E:/works/Workin/bin/ehcache/ehcache-hibernate-local.xml.
The diskStore path for this CacheManager will be set to C:\DOCUME~1\Goingmm\LOCALS~1\Temp\/ehcache/workin\ehcache_auto_created_1260929739531.
To avoid this warning consider using the CacheManager factory methods to create a singleton CacheManager or specifying a separate ehcache configuration (ehcache.xml) for each CacheManager instance.>
[org.hibernate.impl.SessionFactoryObjectFactory] - <Not binding factory to JNDI, no JNDI name configured>
[org.hibernate.tool.hbm2ddl.SchemaUpdate] - <Running hbm2ddl schema update>
[org.hibernate.tool.hbm2ddl.SchemaUpdate] - <fetching database metadata>
[org.hibernate.tool.hbm2ddl.SchemaUpdate] - <updating schema>
[org.hibernate.tool.hbm2ddl.TableMetadata] - <table found: workin.address>
[org.hibernate.tool.hbm2ddl.TableMetadata] - <columns: [work, id, home, phone, updatedttm, updateby, createby, createdttm, version]>
[org.hibernate.tool.hbm2ddl.TableMetadata] - <foreign keys: []>
[org.hibernate.tool.hbm2ddl.TableMetadata] - <indexes: [primary]>
[org.hibernate.tool.hbm2ddl.TableMetadata] - <table found: workin.person>
[org.hibernate.tool.hbm2ddl.TableMetadata] - <columns: [id, birthday, sex, updatedttm, updateby, createby, name, createdttm, version]>
[org.hibernate.tool.hbm2ddl.TableMetadata] - <foreign keys: []>
[org.hibernate.tool.hbm2ddl.TableMetadata] - <indexes: [primary]>
[org.hibernate.tool.hbm2ddl.TableMetadata] - <table found: workin.person_address>
[org.hibernate.tool.hbm2ddl.TableMetadata] - <columns: [person_id, address_id]>
[org.hibernate.tool.hbm2ddl.TableMetadata] - <foreign keys: [fk873150eafc95f519, fk873150eaa1a6ad9b]>
[org.hibernate.tool.hbm2ddl.TableMetadata] - <indexes: [fk873150eafc95f519, address_id, fk873150eaa1a6ad9b, primary]>
[org.hibernate.tool.hbm2ddl.SchemaUpdate] - <schema update complete>
[org.springframework.web.context.support.XmlWebApplicationContext] - <Bean 'entityManagerFactory' is not eligible for getting processed by all BeanPostProcessors (for example: not eligible for auto-proxying)>
[org.springframework.beans.factory.support.DefaultListableBeanFactory] - <Pre-instantiating singletons in org.springframework.beans.factory.support.DefaultListableBeanFactory@13a3d36: defining beans [org.springframework.beans.factory.config.PropertyPlaceholderConfigurer#0,org.springframework.context.annotation.internalPersistenceAnnotationProcessor,org.springframework.context.annotation.internalCommonAnnotationProcessor,org.springframework.context.annotation.internalAutowiredAnnotationProcessor,org.springframework.context.annotation.internalRequiredAnnotationProcessor,transactionManager,org.springframework.aop.config.internalAutoProxyCreator,org.springframework.transaction.annotation.AnnotationTransactionAttributeSource#0,org.springframework.transaction.interceptor.TransactionInterceptor#0,org.springframework.transaction.config.internalTransactionAdvisor,txAdvice,txAdvicePointcut,org.springframework.aop.support.DefaultBeanFactoryPointcutAdvisor#0,dataSource,entityManagerFactory,sqlMapClient,jpaPersistence,sqlMapPersistence,persistenceService,captchaService,personService,mailSender,mailService,mimeMailService,freemarkerConfiguration,templetOfFeed,rssBuilder,dateBean,julToSlf4jHandler,springContextHolder,auditEventProvider,auditEventExecutor,org.springframework.dao.annotation.PersistenceExceptionTranslationPostProcessor#0]; root of factory hierarchy>
[org.workin.core.entity.support.AuditEventProvider] - < Audit Event Executor : org.workin.core.entity.support.AuditEventExecutorImpl>
[org.springframework.web.context.ContextLoader] - <Root WebApplicationContext: initialization completed in 2422 ms>
[com.octo.captcha.service.image.DefaultManageableImageCaptchaService] - <Init com.octo.captcha.service.captchastore.FastHashMapCaptchaStore>
[org.workin.web.security.jcaptcha.JCaptchaFilter] - <Invalid ID, could not validate unexisting or already validated captcha>
com.octo.captcha.service.CaptchaServiceException: Invalid ID, could not validate unexisting or already validated captcha
	at com.octo.captcha.service.AbstractCaptchaService.validateResponseForID(AbstractCaptchaService.java:146)
	at com.octo.captcha.service.AbstractManageableCaptchaService.validateResponseForID(AbstractManageableCaptchaService.java:367)
	at org.workin.web.security.jcaptcha.JCaptchaFilter.validateCaptchaChallenge(JCaptchaFilter.java:137)
	at org.workin.web.security.jcaptcha.JCaptchaFilter.doFilter(JCaptchaFilter.java:97)
	at org.workin.test.security.jcaptcha.JCaptchaFilterTest.validateWithErrorCaptcha(JCaptchaFilterTest.java:63)
	at sun.reflect.NativeMethodAccessorImpl.invoke0(Native Method)
	at sun.reflect.NativeMethodAccessorImpl.invoke(Unknown Source)
	at sun.reflect.DelegatingMethodAccessorImpl.invoke(Unknown Source)
	at java.lang.reflect.Method.invoke(Unknown Source)
	at org.junit.runners.model.FrameworkMethod$1.runReflectiveCall(FrameworkMethod.java:44)
	at org.junit.internal.runners.model.ReflectiveCallable.run(ReflectiveCallable.java:15)
	at org.junit.runners.model.FrameworkMethod.invokeExplosively(FrameworkMethod.java:41)
	at org.junit.internal.runners.statements.InvokeMethod.evaluate(InvokeMethod.java:20)
	at org.junit.internal.runners.statements.RunBefores.evaluate(RunBefores.java:28)
	at org.junit.runners.BlockJUnit4ClassRunner.runChild(BlockJUnit4ClassRunner.java:76)
	at org.junit.runners.BlockJUnit4ClassRunner.runChild(BlockJUnit4ClassRunner.java:50)
	at org.junit.runners.ParentRunner$3.run(ParentRunner.java:193)
	at org.junit.runners.ParentRunner$1.schedule(ParentRunner.java:52)
	at org.junit.runners.ParentRunner.runChildren(ParentRunner.java:191)
	at org.junit.runners.ParentRunner.access$000(ParentRunner.java:42)
	at org.junit.runners.ParentRunner$2.evaluate(ParentRunner.java:184)
	at org.junit.runners.ParentRunner.run(ParentRunner.java:236)
	at junit.framework.JUnit4TestAdapter.run(JUnit4TestAdapter.java:39)
	at org.apache.tools.ant.taskdefs.optional.junit.JUnitTestRunner.run(JUnitTestRunner.java:421)
	at org.apache.tools.ant.taskdefs.optional.junit.JUnitTestRunner.launch(JUnitTestRunner.java:912)
	at org.apache.tools.ant.taskdefs.optional.junit.JUnitTestRunner.main(JUnitTestRunner.java:766)
[org.springframework.mock.web.MockServletContext] - <Initializing Spring root WebApplicationContext>
[org.springframework.web.context.ContextLoader] - <Root WebApplicationContext: initialization started>
[org.springframework.web.context.support.XmlWebApplicationContext] - <Refreshing org.springframework.web.context.support.XmlWebApplicationContext@13e9934: display name [Root WebApplicationContext]; startup date [Wed Dec 16 10:15:40 CST 2009]; root of context hierarchy>
[org.springframework.beans.factory.xml.XmlBeanDefinitionReader] - <Loading XML bean definitions from ServletContext resource [/applicationContext.xml]>
[org.springframework.beans.factory.xml.XmlBeanDefinitionReader] - <Loading XML bean definitions from ServletContext resource [/tx/applicationContext-tx.xml]>
[org.springframework.beans.factory.xml.XmlBeanDefinitionReader] - <Loading XML bean definitions from ServletContext resource [/persistence/applicationContext-persistence.xml]>
[org.springframework.beans.factory.xml.XmlBeanDefinitionReader] - <Loading XML bean definitions from ServletContext resource [/security/applicationContext-security.xml]>
[org.springframework.beans.factory.xml.XmlBeanDefinitionReader] - <Loading XML bean definitions from ServletContext resource [/apps/applicationContext-person.xml]>
[org.springframework.beans.factory.xml.XmlBeanDefinitionReader] - <Loading XML bean definitions from ServletContext resource [/email/applicationContext-email.xml]>
[org.springframework.beans.factory.xml.XmlBeanDefinitionReader] - <Loading XML bean definitions from ServletContext resource [/rss/applicationContext-rss.xml]>
[org.springframework.beans.factory.xml.XmlBeanDefinitionReader] - <Loading XML bean definitions from ServletContext resource [/security/applicationContext-security.xml]>
[org.springframework.beans.factory.support.DefaultListableBeanFactory] - <Overriding bean definition for bean 'captchaService': replacing [Generic bean: class [com.octo.captcha.service.image.DefaultManageableImageCaptchaService]; scope=singleton; abstract=false; lazyInit=true; autowireMode=0; dependencyCheck=0; autowireCandidate=true; primary=false; factoryBeanName=null; factoryMethodName=null; initMethodName=null; destroyMethodName=null; defined in ServletContext resource [/security/applicationContext-security.xml]] with [Generic bean: class [com.octo.captcha.service.image.DefaultManageableImageCaptchaService]; scope=singleton; abstract=false; lazyInit=true; autowireMode=0; dependencyCheck=0; autowireCandidate=true; primary=false; factoryBeanName=null; factoryMethodName=null; initMethodName=null; destroyMethodName=null; defined in ServletContext resource [/security/applicationContext-security.xml&#x5d;&#x5d;&gt;
[org.springframework.web.context.support.XmlWebApplicationContext] - <Bean factory for application context [org.springframework.web.context.support.XmlWebApplicationContext@13e9934]: org.springframework.beans.factory.support.DefaultListableBeanFactory@1e3c2c6>
[org.springframework.beans.factory.config.PropertyPlaceholderConfigurer] - <Loading properties file from class path resource [applicationContext.properties]>
[org.springframework.beans.factory.config.PropertyPlaceholderConfigurer] - <Loading properties file from class path resource [email/email.properties]>
[org.springframework.beans.factory.config.PropertyPlaceholderConfigurer] - <Loading properties file from class path resource [jms/jms.properties]>
[org.springframework.beans.factory.config.PropertyPlaceholderConfigurer] - <Loading properties file from ServletContext resource [/rss/rss.properties]>
[org.springframework.web.context.support.XmlWebApplicationContext] - <Bean 'org.springframework.orm.jpa.vendor.HibernateJpaVendorAdapter#fae78f' is not eligible for getting processed by all BeanPostProcessors (for example: not eligible for auto-proxying)>
[org.springframework.web.context.support.XmlWebApplicationContext] - <Bean 'dataSource' is not eligible for getting processed by all BeanPostProcessors (for example: not eligible for auto-proxying)>
[org.springframework.orm.jpa.LocalContainerEntityManagerFactoryBean] - <Building JPA container EntityManagerFactory for persistence unit 'Workin'>
[org.hibernate.ejb.Ejb3Configuration] - <Processing PersistenceUnitInfo [
	name: Workin
	...]>
[org.hibernate.cfg.AnnotationConfiguration] - <Mapping package org.workin.test.ws.soap.service.image.small>
[org.hibernate.cfg.AnnotationConfiguration] - <Mapping package org.workin.test.ws.soap.client>
[org.hibernate.cfg.AnnotationConfiguration] - <Mapping package org.workin.test.ws.soap.service.image.large>
[org.hibernate.cfg.AnnotationBinder] - <Binding entity from annotated class: org.workin.test.application.entity.Address>
[org.hibernate.cfg.annotations.EntityBinder] - <Bind entity org.workin.test.application.entity.Address on table Address>
[org.hibernate.cfg.AnnotationBinder] - <Binding entity from annotated class: org.workin.test.application.entity.Person>
[org.hibernate.cfg.annotations.QueryBinder] - <Binding Named query: findAllPerson => SELECT p FROM Person p>
[org.hibernate.cfg.annotations.QueryBinder] - <Binding Named query: findPersonByName => SELECT p FROM Person p WHERE p.name = :name>
[org.hibernate.cfg.annotations.QueryBinder] - <Binding Named query: findPersonByNameExt => SELECT p FROM Person p WHERE p.name = ?>
[org.hibernate.cfg.annotations.QueryBinder] - <Binding Named query: update_Person => UPDATE Person SET name = ? WHERE name = ?>
[org.hibernate.cfg.annotations.QueryBinder] - <Binding Named query: del_Person => DELETE FROM Person WHERE name = ?>
[org.hibernate.cfg.annotations.EntityBinder] - <Bind entity org.workin.test.application.entity.Person on table person>
[org.hibernate.cfg.AnnotationConfiguration] - <Hibernate Validator not found: ignoring>
[org.hibernate.cfg.search.HibernateSearchEventListenerRegister] - <Unable to find org.hibernate.search.event.FullTextIndexEventListener on the classpath. Hibernate Search is not enabled.>
[org.hibernate.connection.ConnectionProviderFactory] - <Initializing connection provider: org.hibernate.ejb.connection.InjectedDataSourceConnectionProvider>
[org.hibernate.ejb.connection.InjectedDataSourceConnectionProvider] - <Using provided datasource>
[org.hibernate.cfg.SettingsFactory] - <RDBMS: MySQL, version: 6.0.7-alpha-community-log>
[org.hibernate.cfg.SettingsFactory] - <JDBC driver: MySQL-AB JDBC Driver, version: mysql-connector-java-5.1.6 ( Revision: ${svn.Revision} )>
[org.hibernate.dialect.Dialect] - <Using dialect: org.hibernate.dialect.MySQL5InnoDBDialect>
[org.hibernate.transaction.TransactionFactoryFactory] - <Transaction strategy: org.hibernate.transaction.JDBCTransactionFactory>
[org.hibernate.transaction.TransactionManagerLookupFactory] - <No TransactionManagerLookup configured (in JTA environment, use of read-write or transactional second-level cache is not recommended)>
[org.hibernate.cfg.SettingsFactory] - <Automatic flush during beforeCompletion(): disabled>
[org.hibernate.cfg.SettingsFactory] - <Automatic session close at end of transaction: disabled>
[org.hibernate.cfg.SettingsFactory] - <JDBC batch size: 15>
[org.hibernate.cfg.SettingsFactory] - <JDBC batch updates for versioned data: disabled>
[org.hibernate.cfg.SettingsFactory] - <Scrollable result sets: enabled>
[org.hibernate.cfg.SettingsFactory] - <JDBC3 getGeneratedKeys(): enabled>
[org.hibernate.cfg.SettingsFactory] - <Connection release mode: auto>
[org.hibernate.cfg.SettingsFactory] - <Maximum outer join fetch depth: 2>
[org.hibernate.cfg.SettingsFactory] - <Default batch fetch size: 1>
[org.hibernate.cfg.SettingsFactory] - <Generate SQL with comments: disabled>
[org.hibernate.cfg.SettingsFactory] - <Order SQL updates by primary key: disabled>
[org.hibernate.cfg.SettingsFactory] - <Order SQL inserts for batching: disabled>
[org.hibernate.cfg.SettingsFactory] - <Query translator: org.hibernate.hql.ast.ASTQueryTranslatorFactory>
[org.hibernate.hql.ast.ASTQueryTranslatorFactory] - <Using ASTQueryTranslatorFactory>
[org.hibernate.cfg.SettingsFactory] - <Query language substitutions: {}>
[org.hibernate.cfg.SettingsFactory] - <JPA-QL strict compliance: enabled>
[org.hibernate.cfg.SettingsFactory] - <Second-level cache: enabled>
[org.hibernate.cfg.SettingsFactory] - <Query cache: enabled>
[org.hibernate.cfg.SettingsFactory] - <Cache region factory : org.hibernate.cache.impl.bridge.RegionFactoryCacheProviderBridge>
[org.hibernate.cfg.SettingsFactory] - <Optimize cache for minimal puts: disabled>
[org.hibernate.cfg.SettingsFactory] - <Structured second-level cache entries: disabled>
[org.hibernate.cfg.SettingsFactory] - <Query cache factory: org.hibernate.cache.StandardQueryCacheFactory>
[org.hibernate.cfg.SettingsFactory] - <Echoing all SQL to stdout>
[org.hibernate.cfg.SettingsFactory] - <Statistics: enabled>
[org.hibernate.cfg.SettingsFactory] - <Deleted entity synthetic identifier rollback: disabled>
[org.hibernate.cfg.SettingsFactory] - <Default entity-mode: pojo>
[org.hibernate.cfg.SettingsFactory] - <Named query checking : enabled>
[org.hibernate.impl.SessionFactoryImpl] - <building session factory>
[net.sf.ehcache.CacheManager] - <Creating a new instance of CacheManager using the diskStorePath "C:\DOCUME~1\Goingmm\LOCALS~1\Temp\/ehcache/workin" which is already used by an existing CacheManager.
The source of the configuration was URL of file:/E:/works/Workin/bin/ehcache/ehcache-hibernate-local.xml.
The diskStore path for this CacheManager will be set to C:\DOCUME~1\Goingmm\LOCALS~1\Temp\/ehcache/workin\ehcache_auto_created_1260929741296.
To avoid this warning consider using the CacheManager factory methods to create a singleton CacheManager or specifying a separate ehcache configuration (ehcache.xml) for each CacheManager instance.>
[net.sf.ehcache.CacheManager] - <Creating a new instance of CacheManager using the diskStorePath "C:\DOCUME~1\Goingmm\LOCALS~1\Temp\/ehcache/workin" which is already used by an existing CacheManager.
The source of the configuration was URL of file:/E:/works/Workin/bin/ehcache/ehcache-hibernate-local.xml.
The diskStore path for this CacheManager will be set to C:\DOCUME~1\Goingmm\LOCALS~1\Temp\/ehcache/workin\ehcache_auto_created_1260929741296.
To avoid this warning consider using the CacheManager factory methods to create a singleton CacheManager or specifying a separate ehcache configuration (ehcache.xml) for each CacheManager instance.>
[org.hibernate.impl.SessionFactoryObjectFactory] - <Not binding factory to JNDI, no JNDI name configured>
[org.hibernate.tool.hbm2ddl.SchemaUpdate] - <Running hbm2ddl schema update>
[org.hibernate.tool.hbm2ddl.SchemaUpdate] - <fetching database metadata>
[org.hibernate.tool.hbm2ddl.SchemaUpdate] - <updating schema>
[org.hibernate.tool.hbm2ddl.TableMetadata] - <table found: workin.address>
[org.hibernate.tool.hbm2ddl.TableMetadata] - <columns: [work, id, home, phone, updatedttm, updateby, createby, createdttm, version]>
[org.hibernate.tool.hbm2ddl.TableMetadata] - <foreign keys: []>
[org.hibernate.tool.hbm2ddl.TableMetadata] - <indexes: [primary]>
[org.hibernate.tool.hbm2ddl.TableMetadata] - <table found: workin.person>
[org.hibernate.tool.hbm2ddl.TableMetadata] - <columns: [id, birthday, sex, updatedttm, updateby, createby, name, createdttm, version]>
[org.hibernate.tool.hbm2ddl.TableMetadata] - <foreign keys: []>
[org.hibernate.tool.hbm2ddl.TableMetadata] - <indexes: [primary]>
[org.hibernate.tool.hbm2ddl.TableMetadata] - <table found: workin.person_address>
[org.hibernate.tool.hbm2ddl.TableMetadata] - <columns: [person_id, address_id]>
[org.hibernate.tool.hbm2ddl.TableMetadata] - <foreign keys: [fk873150eafc95f519, fk873150eaa1a6ad9b]>
[org.hibernate.tool.hbm2ddl.TableMetadata] - <indexes: [fk873150eafc95f519, address_id, fk873150eaa1a6ad9b, primary]>
[org.hibernate.tool.hbm2ddl.SchemaUpdate] - <schema update complete>
[org.springframework.web.context.support.XmlWebApplicationContext] - <Bean 'entityManagerFactory' is not eligible for getting processed by all BeanPostProcessors (for example: not eligible for auto-proxying)>
[org.springframework.beans.factory.support.DefaultListableBeanFactory] - <Pre-instantiating singletons in org.springframework.beans.factory.support.DefaultListableBeanFactory@1e3c2c6: defining beans [org.springframework.beans.factory.config.PropertyPlaceholderConfigurer#0,org.springframework.context.annotation.internalPersistenceAnnotationProcessor,org.springframework.context.annotation.internalCommonAnnotationProcessor,org.springframework.context.annotation.internalAutowiredAnnotationProcessor,org.springframework.context.annotation.internalRequiredAnnotationProcessor,transactionManager,org.springframework.aop.config.internalAutoProxyCreator,org.springframework.transaction.annotation.AnnotationTransactionAttributeSource#0,org.springframework.transaction.interceptor.TransactionInterceptor#0,org.springframework.transaction.config.internalTransactionAdvisor,txAdvice,txAdvicePointcut,org.springframework.aop.support.DefaultBeanFactoryPointcutAdvisor#0,dataSource,entityManagerFactory,sqlMapClient,jpaPersistence,sqlMapPersistence,persistenceService,captchaService,personService,mailSender,mailService,mimeMailService,freemarkerConfiguration,templetOfFeed,rssBuilder,dateBean,julToSlf4jHandler,springContextHolder,auditEventProvider,auditEventExecutor,org.springframework.dao.annotation.PersistenceExceptionTranslationPostProcessor#0]; root of factory hierarchy>
[org.workin.core.entity.support.AuditEventProvider] - < Audit Event Executor : org.workin.core.entity.support.AuditEventExecutorImpl>
[org.springframework.web.context.ContextLoader] - <Root WebApplicationContext: initialization completed in 1078 ms>
[com.octo.captcha.service.image.DefaultManageableImageCaptchaService] - <Init com.octo.captcha.service.captchastore.FastHashMapCaptchaStore>
]]></system-out>
  <system-err><![CDATA[2009-12-16 10:15:39 net.sf.ehcache.CacheManager detectAndFixDiskStorePathConflict
警告: Creating a new instance of CacheManager using the diskStorePath "C:\DOCUME~1\Goingmm\LOCALS~1\Temp\/ehcache/workin" which is already used by an existing CacheManager.
The source of the configuration was URL of file:/E:/works/Workin/bin/ehcache/ehcache-hibernate-local.xml.
The diskStore path for this CacheManager will be set to C:\DOCUME~1\Goingmm\LOCALS~1\Temp\/ehcache/workin\ehcache_auto_created_1260929739531.
To avoid this warning consider using the CacheManager factory methods to create a singleton CacheManager or specifying a separate ehcache configuration (ehcache.xml) for each CacheManager instance.
2009-12-16 10:15:41 net.sf.ehcache.CacheManager detectAndFixDiskStorePathConflict
警告: Creating a new instance of CacheManager using the diskStorePath "C:\DOCUME~1\Goingmm\LOCALS~1\Temp\/ehcache/workin" which is already used by an existing CacheManager.
The source of the configuration was URL of file:/E:/works/Workin/bin/ehcache/ehcache-hibernate-local.xml.
The diskStore path for this CacheManager will be set to C:\DOCUME~1\Goingmm\LOCALS~1\Temp\/ehcache/workin\ehcache_auto_created_1260929741296.
To avoid this warning consider using the CacheManager factory methods to create a singleton CacheManager or specifying a separate ehcache configuration (ehcache.xml) for each CacheManager instance.
]]></system-err>
</testsuite>
