<?xml version="1.0" encoding="UTF-8" ?>
<testsuite errors="0" failures="0" hostname="cdc-odc-junjie" name="org.workin.test.ws.rest.client.EmployeeRestClientTest" tests="4" time="5.14" timestamp="2009-12-16T02:15:53">
  <properties>
    <property name="java.vendor" value="Sun Microsystems Inc." />
    <property name="lib.dir" value="E:\works\Workin/lib" />
    <property name="sun.java.launcher" value="SUN_STANDARD" />
    <property name="eclipse.pdebuild.templates" value="/E:/iSpace/eclipse3.4/plugins/org.eclipse.pde.build_3.4.1.R34x_v20080805/templates/" />
    <property name="sun.management.compiler" value="HotSpot Client Compiler" />
    <property name="os.name" value="Windows XP" />
    <property name="sun.boot.class.path" value="C:\works\Java\jre6\lib\resources.jar;C:\works\Java\jre6\lib\rt.jar;C:\works\Java\jre6\lib\sunrsasign.jar;C:\works\Java\jre6\lib\jsse.jar;C:\works\Java\jre6\lib\jce.jar;C:\works\Java\jre6\lib\charsets.jar;C:\works\Java\jre6\classes" />
    <property name="TODAY" value="December 16 2009" />
    <property name="ant.file.workin" value="E:\works\Workin\build.xml" />
    <property name="sun.desktop" value="windows" />
    <property name="java.vm.specification.vendor" value="Sun Microsystems Inc." />
    <property name="ant.home" value="E:\iSpace\eclipse3.4\plugins\org.apache.ant_1.7.0.v200803061910" />
    <property name="java.runtime.version" value="1.6.0_17-b04" />
    <property name="user.name" value="Goingmm" />
    <property name="build.dir" value="E:\works\Workin/bin" />
    <property name="user.language" value="zh" />
    <property name="sun.boot.library.path" value="C:\works\Java\jre6\bin" />
    <property name="target.codes.work" value="E:\works\Workin/workin" />
    <property name="target.javadoc.dir" value="E:\works\Workin/docs/javadoc" />
    <property name="ant.project.name" value="workin" />
    <property name="DSTAMP" value="20091216" />
    <property name="target.codes.test" value="E:\works\Workin/workin-test" />
    <property name="target.jars.dir" value="E:\works\Workin/dist" />
    <property name="java.version" value="1.6.0_17" />
    <property name="user.timezone" value="" />
    <property name="sun.arch.data.model" value="32" />
    <property name="java.endorsed.dirs" value="C:\works\Java\jre6\lib\endorsed" />
    <property name="sun.cpu.isalist" value="pentium_pro+mmx pentium_pro pentium+mmx pentium i486 i386 i86" />
    <property name="sun.jnu.encoding" value="GB18030" />
    <property name="file.encoding.pkg" value="sun.io" />
    <property name="file.separator" value="\" />
    <property name="java.specification.name" value="Java Platform API Specification" />
    <property name="java.class.version" value="50.0" />
    <property name="user.country" value="CN" />
    <property name="java.home" value="C:\works\Java\jre6" />
    <property name="java.vm.info" value="mixed mode, sharing" />
    <property name="ant.file" value="E:\works\Workin\build.xml" />
    <property name="os.version" value="5.1" />
    <property name="path.separator" value=";" />
    <property name="java.vm.version" value="14.3-b01" />
    <property name="user.variant" value="" />
    <property name="ant.library.dir" value="E:\iSpace\eclipse3.4\plugins\org.apache.ant_1.7.0.v200803061910\lib" />
    <property name="java.awt.printerjob" value="sun.awt.windows.WPrinterJob" />
    <property name="sun.io.unicode.encoding" value="UnicodeLittle" />
    <property name="awt.toolkit" value="sun.awt.windows.WToolkit" />
    <property name="eclipse.pdebuild.scripts" value="/E:/iSpace/eclipse3.4/plugins/org.eclipse.pde.build_3.4.1.R34x_v20080805/scripts/" />
    <property name="user.home" value="C:\Documents and Settings\Goingmm" />
    <property name="java.specification.vendor" value="Sun Microsystems Inc." />
    <property name="java.library.path" value="C:\works\Java\jre6\bin;.;C:\WINDOWS\Sun\Java\bin;C:\WINDOWS\system32;C:\WINDOWS;C:/works/Java/jre6/bin/client;C:/works/Java/jre6/bin;C:\Program Files\Common Files\NetSarang;d:\oracle\product\10.2.0\db_1\bin;C:\WINDOWS\system32;C:\WINDOWS;C:\WINDOWS\System32\Wbem;C:\works\Java\jdk\bin;C:\maven209\bin;C:\Program Files\TortoiseSVN\bin;C:\Python31;C:\ant\bin;C:\grails\bin;C:\apache-cxf\bin;C:\works\Tomcat\bin;C:\Groovy\Groovy16\bin;C:\Program Files\cvsnt;E:\iSpace\cxf-224\bin;C:\Program Files\StormII\Codec;C:\Program Files\StormII" />
    <property name="java.vendor.url" value="http://java.sun.com/" />
    <property name="java.vm.vendor" value="Sun Microsystems Inc." />
    <property name="java.runtime.name" value="Java(TM) SE Runtime Environment" />
    <property name="java.class.path" value="E:\works\Workin\bin;E:\works\Workin\lib\XmlSchema-1.4.5.jar;E:\works\Workin\lib\activemq-all-5.3.0.jar;E:\works\Workin\lib\activemq-pool-5.3.0.jar;E:\works\Workin\lib\antlr-2.7.6.jar;E:\works\Workin\lib\asm-attrs.jar;E:\works\Workin\lib\asm.jar;E:\works\Workin\lib\aspectjrt.jar;E:\works\Workin\lib\aspectjweaver-1.6.5.jar;E:\works\Workin\lib\c3p0-0.9.1.2.jar;E:\works\Workin\lib\cglib-2.1.3.jar;E:\works\Workin\lib\commons-beanutils-1.8.2.jar;E:\works\Workin\lib\commons-codec-1.4.jar;E:\works\Workin\lib\commons-collections-3.2.1.jar;E:\works\Workin\lib\commons-io-1.4.jar;E:\works\Workin\lib\commons-jexl-1.1.jar;E:\works\Workin\lib\commons-lang-2.4.jar;E:\works\Workin\lib\commons-logging-1.1.1.jar;E:\works\Workin\lib\commons-pool-1.4.jar;E:\works\Workin\lib\cxf-2.2.4.jar;E:\works\Workin\lib\cxf-manifest.jar;E:\works\Workin\lib\displaytag-1.2.jar;E:\works\Workin\lib\dom4j-1.6.1.jar;E:\works\Workin\lib\ehcache-1.6.1.jar;E:\works\Workin\lib\ehcache-jgroupsreplication-1.3.jar;E:\works\Workin\lib\freemarker-2.3.8.jar;E:\works\Workin\lib\hessian-4.0.2.jar;E:\works\Workin\lib\hibernate-annotations-3.4.0.GA.jar;E:\works\Workin\lib\hibernate-commons-annotations-3.1.0.GA.jar;E:\works\Workin\lib\hibernate-core-3.3.2.GA.jar;E:\works\Workin\lib\hibernate-ehcache-3.3.2.GA.jar;E:\works\Workin\lib\hibernate-entitymanager.jar;E:\works\Workin\lib\httpclient-4.0.jar;E:\works\Workin\lib\httpcore-4.0.1.jar;E:\works\Workin\lib\ibatis-2.3.4.726.jar;E:\works\Workin\lib\imaging-01012005.jar;E:\works\Workin\lib\irontracksql.jar;E:\works\Workin\lib\javassist-3.4.GA.jar;E:\works\Workin\lib\jaxen-1.1.jar;E:\works\Workin\lib\jcaptcha-1.0.jar;E:\works\Workin\lib\jcaptcha-api-1.0.jar;E:\works\Workin\lib\jdom-1.0.jar;E:\works\Workin\lib\jettison-1.1.jar;E:\works\Workin\lib\jetty-6.1.21.jar;E:\works\Workin\lib\jetty-util-6.1.21.jar;E:\works\Workin\lib\jgroups-2.6.8.GA.jar;E:\works\Workin\lib\json-lib-2.2.3-jdk15.jar;E:\works\Workin\lib\jsr311-api-1.0.jar;E:\works\Workin\lib\jta-1.1.jar;E:\works\Workin\lib\jul-to-slf4j-1.5.8.jar;E:\works\Workin\lib\junit-4.8.jar;E:\works\Workin\lib\log4j-1.2.15.jar;E:\works\Workin\lib\mail-1.4.1.jar;E:\works\Workin\lib\mysql-connector-java-5.1.6.jar;E:\works\Workin\lib\neethi-2.0.4.jar;E:\works\Workin\lib\ooxml-schemas-1.0.jar;E:\works\Workin\lib\p6spy-1.3.jar;E:\works\Workin\lib\perf4j-0.9.11.jar;E:\works\Workin\lib\persistence.jar;E:\works\Workin\lib\poi-3.5-FINAL-20090928.jar;E:\works\Workin\lib\poi-contrib-3.5-FINAL-20090928.jar;E:\works\Workin\lib\poi-ooxml-3.5-FINAL-20090928.jar;E:\works\Workin\lib\rome-1.0.jar;E:\works\Workin\lib\selenium-java-client-driver-1.0.1.jar;E:\works\Workin\lib\servlet-api-2.4.jar;E:\works\Workin\lib\slf4j-api-1.5.8.jar;E:\works\Workin\lib\slf4j-log4j12-1.5.8.jar;E:\works\Workin\lib\spring-security-core-2.0.4.jar;E:\works\Workin\lib\spring-security-core-tiger-2.0.4.jar;E:\works\Workin\lib\spring-test.jar;E:\works\Workin\lib\spring.jar;E:\works\Workin\lib\struts2-core-2.1.8.jar;E:\works\Workin\lib\struts2-rome-plugin-0.3.jar;E:\works\Workin\lib\unitils-2.4.jar;E:\works\Workin\lib\wsdl4j-1.6.2.jar;E:\works\Workin\lib\wss4j-1.5.8.jar;E:\works\Workin\lib\wstx-asl-3.2.8.jar;E:\works\Workin\lib\xbean-spring-2.8.jar;E:\works\Workin\lib\xml-resolver-1.2.jar;E:\works\Workin\lib\xmlbeans-2.4.0.jar;E:\works\Workin\lib\xmlsec-1.4.3.jar;E:\works\Workin\lib\xpp3_min-1.1.4c.jar;E:\works\Workin\lib\xstream-1.3.1.jar;E:\works\Workin\lib\xwork-core-2.1.6.jar;E:\works\Workin;E:\iSpace\eclipse3.4\plugins\org.apache.ant_1.7.0.v200803061910\lib\ant-launcher.jar;E:\iSpace\eclipse3.4\plugins\org.apache.ant_1.7.0.v200803061910\lib\ant.jar;E:\iSpace\eclipse3.4\plugins\org.apache.ant_1.7.0.v200803061910\lib\ant-junit.jar" />
    <property name="ant.version" value="Apache Ant version 1.7.0 compiled on December 13 2006" />
    <property name="target.checkstyle.dir" value="E:\works\Workin/docs/checkstyle" />
    <property name="TSTAMP" value="1014" />
    <property name="java.vm.specification.name" value="Java Virtual Machine Specification" />
    <property name="java.vm.specification.version" value="1.0" />
    <property name="sun.cpu.endian" value="little" />
    <property name="sun.os.patch.level" value="Service Pack 3" />
    <property name="eclipse.pdebuild.home" value="/E:/iSpace/eclipse3.4/plugins/org.eclipse.pde.build_3.4.1.R34x_v20080805/./" />
    <property name="java.io.tmpdir" value="C:\DOCUME~1\Goingmm\LOCALS~1\Temp\" />
    <property name="java.vendor.url.bug" value="http://java.sun.com/cgi-bin/bugreport.cgi" />
    <property name="os.arch" value="x86" />
    <property name="java.awt.graphicsenv" value="sun.awt.Win32GraphicsEnvironment" />
    <property name="java.ext.dirs" value="C:\works\Java\jre6\lib\ext;C:\WINDOWS\Sun\Java\lib\ext" />
    <property name="target.report.dir" value="E:\works\Workin/docs/report" />
    <property name="user.dir" value="E:\works\Workin" />
    <property name="line.separator" value="
" />
    <property name="java.vm.name" value="Java HotSpot(TM) Client VM" />
    <property name="basedir" value="E:\works\Workin" />
    <property name="ant.java.version" value="1.6" />
    <property name="ant.core.lib" value="E:\iSpace\eclipse3.4\plugins\org.apache.ant_1.7.0.v200803061910\lib\ant.jar" />
    <property name="file.encoding" value="GB18030" />
    <property name="java.specification.version" value="1.6" />
  </properties>
  <testcase classname="org.workin.test.ws.rest.client.EmployeeRestClientTest" name="retrieveEmployeeById" time="4.703" />
  <testcase classname="org.workin.test.ws.rest.client.EmployeeRestClientTest" name="retrieveXMLEmployeeById" time="0.125" />
  <testcase classname="org.workin.test.ws.rest.client.EmployeeRestClientTest" name="retrieveXmlEmployees" time="0.141" />
  <testcase classname="org.workin.test.ws.rest.client.EmployeeRestClientTest" name="retrieveEmployees" time="0.109" />
  <system-out><![CDATA[[org.apache.cxf.bus.spring.BusApplicationContext] - <Refreshing org.apache.cxf.bus.spring.BusApplicationContext@13ad33d: display name [org.apache.cxf.bus.spring.BusApplicationContext@13ad33d]; startup date [Wed Dec 16 10:15:54 CST 2009]; root of context hierarchy>
[org.apache.cxf.bus.spring.ControlledValidationXmlBeanDefinitionReader] - <Loading XML bean definitions from class path resource [META-INF/cxf/cxf.xml]>
[org.apache.cxf.bus.spring.ControlledValidationXmlBeanDefinitionReader] - <Loading XML bean definitions from class path resource [META-INF/cxf/cxf-extension-corba.xml]>
[org.apache.cxf.bus.spring.ControlledValidationXmlBeanDefinitionReader] - <Loading XML bean definitions from class path resource [META-INF/cxf/cxf-extension-jaxws.xml]>
[org.apache.cxf.bus.spring.ControlledValidationXmlBeanDefinitionReader] - <Loading XML bean definitions from class path resource [META-INF/cxf/cxf-extension-soap.xml]>
[org.apache.cxf.bus.spring.ControlledValidationXmlBeanDefinitionReader] - <Loading XML bean definitions from class path resource [META-INF/cxf/cxf-extension-xml.xml]>
[org.apache.cxf.bus.spring.ControlledValidationXmlBeanDefinitionReader] - <Loading XML bean definitions from class path resource [META-INF/cxf/cxf-extension-addr.xml]>
[org.apache.cxf.bus.spring.ControlledValidationXmlBeanDefinitionReader] - <Loading XML bean definitions from class path resource [META-INF/cxf/cxf-extension-javascript-client.xml]>
[org.apache.cxf.bus.spring.ControlledValidationXmlBeanDefinitionReader] - <Loading XML bean definitions from class path resource [META-INF/cxf/cxf-extension-local.xml]>
[org.apache.cxf.bus.spring.ControlledValidationXmlBeanDefinitionReader] - <Loading XML bean definitions from class path resource [META-INF/cxf/cxf-extension-http.xml]>
[org.apache.cxf.bus.spring.ControlledValidationXmlBeanDefinitionReader] - <Loading XML bean definitions from class path resource [META-INF/cxf/cxf-extension-management.xml]>
[org.apache.cxf.bus.spring.ControlledValidationXmlBeanDefinitionReader] - <Loading XML bean definitions from class path resource [META-INF/cxf/cxf-extension-http-jetty.xml]>
[org.apache.cxf.bus.spring.ControlledValidationXmlBeanDefinitionReader] - <Loading XML bean definitions from class path resource [META-INF/cxf/cxf-extension-http.xml]>
[org.springframework.beans.factory.support.DefaultListableBeanFactory] - <Overriding bean definition for bean 'org.apache.cxf.transport.http.policy.HTTPClientAssertionBuilder': replacing [Generic bean: class [org.apache.cxf.transport.http.policy.HTTPClientAssertionBuilder]; scope=singleton; abstract=false; lazyInit=false; autowireMode=0; dependencyCheck=0; autowireCandidate=true; primary=false; factoryBeanName=null; factoryMethodName=null; initMethodName=null; destroyMethodName=null; defined in class path resource [META-INF/cxf/cxf-extension-http.xml]] with [Generic bean: class [org.apache.cxf.transport.http.policy.HTTPClientAssertionBuilder]; scope=singleton; abstract=false; lazyInit=false; autowireMode=0; dependencyCheck=0; autowireCandidate=true; primary=false; factoryBeanName=null; factoryMethodName=null; initMethodName=null; destroyMethodName=null; defined in class path resource [META-INF/cxf/cxf-extension-http.xml&#x5d;&#x5d;&gt;
[org.springframework.beans.factory.support.DefaultListableBeanFactory] - <Overriding bean definition for bean 'org.apache.cxf.transport.http.policy.HTTPServerAssertionBuilder': replacing [Generic bean: class [org.apache.cxf.transport.http.policy.HTTPServerAssertionBuilder]; scope=singleton; abstract=false; lazyInit=false; autowireMode=0; dependencyCheck=0; autowireCandidate=true; primary=false; factoryBeanName=null; factoryMethodName=null; initMethodName=null; destroyMethodName=null; defined in class path resource [META-INF/cxf/cxf-extension-http.xml]] with [Generic bean: class [org.apache.cxf.transport.http.policy.HTTPServerAssertionBuilder]; scope=singleton; abstract=false; lazyInit=false; autowireMode=0; dependencyCheck=0; autowireCandidate=true; primary=false; factoryBeanName=null; factoryMethodName=null; initMethodName=null; destroyMethodName=null; defined in class path resource [META-INF/cxf/cxf-extension-http.xml&#x5d;&#x5d;&gt;
[org.springframework.beans.factory.support.DefaultListableBeanFactory] - <Overriding bean definition for bean 'org.apache.cxf.transport.http.policy.NoOpPolicyInterceptorProvider': replacing [Generic bean: class [org.apache.cxf.transport.http.policy.NoOpPolicyInterceptorProvider]; scope=singleton; abstract=false; lazyInit=false; autowireMode=0; dependencyCheck=0; autowireCandidate=true; primary=false; factoryBeanName=null; factoryMethodName=null; initMethodName=null; destroyMethodName=null; defined in class path resource [META-INF/cxf/cxf-extension-http.xml]] with [Generic bean: class [org.apache.cxf.transport.http.policy.NoOpPolicyInterceptorProvider]; scope=singleton; abstract=false; lazyInit=false; autowireMode=0; dependencyCheck=0; autowireCandidate=true; primary=false; factoryBeanName=null; factoryMethodName=null; initMethodName=null; destroyMethodName=null; defined in class path resource [META-INF/cxf/cxf-extension-http.xml&#x5d;&#x5d;&gt;
[org.springframework.beans.factory.support.DefaultListableBeanFactory] - <Overriding bean definition for bean 'org.apache.cxf.transport.http.ClientOnlyHTTPTransportFactory': replacing [Generic bean: class [org.apache.cxf.transport.http.ClientOnlyHTTPTransportFactory]; scope=singleton; abstract=false; lazyInit=true; autowireMode=0; dependencyCheck=0; autowireCandidate=true; primary=false; factoryBeanName=null; factoryMethodName=null; initMethodName=null; destroyMethodName=null; defined in class path resource [META-INF/cxf/cxf-extension-http.xml]] with [Generic bean: class [org.apache.cxf.transport.http.ClientOnlyHTTPTransportFactory]; scope=singleton; abstract=false; lazyInit=true; autowireMode=0; dependencyCheck=0; autowireCandidate=true; primary=false; factoryBeanName=null; factoryMethodName=null; initMethodName=null; destroyMethodName=null; defined in class path resource [META-INF/cxf/cxf-extension-http.xml&#x5d;&#x5d;&gt;
[org.apache.cxf.bus.spring.ControlledValidationXmlBeanDefinitionReader] - <Loading XML bean definitions from class path resource [META-INF/cxf/cxf-extension-jms.xml]>
[org.apache.cxf.bus.spring.ControlledValidationXmlBeanDefinitionReader] - <Loading XML bean definitions from class path resource [META-INF/cxf/cxf-extension-object-binding.xml]>
[org.apache.cxf.bus.spring.ControlledValidationXmlBeanDefinitionReader] - <Loading XML bean definitions from class path resource [META-INF/cxf/cxf-extension-http-binding.xml]>
[org.apache.cxf.bus.spring.ControlledValidationXmlBeanDefinitionReader] - <Loading XML bean definitions from class path resource [META-INF/cxf/cxf-extension-jaxrs-binding.xml]>
[org.apache.cxf.bus.spring.ControlledValidationXmlBeanDefinitionReader] - <Loading XML bean definitions from class path resource [META-INF/cxf/cxf-extension-ws-security.xml]>
[org.apache.cxf.bus.spring.ControlledValidationXmlBeanDefinitionReader] - <Loading XML bean definitions from class path resource [META-INF/cxf/cxf-extension-policy.xml]>
[org.apache.cxf.bus.spring.ControlledValidationXmlBeanDefinitionReader] - <Loading XML bean definitions from class path resource [META-INF/cxf/cxf-extension-rm.xml]>
[org.apache.cxf.bus.spring.BusApplicationContext] - <Bean factory for application context [org.apache.cxf.bus.spring.BusApplicationContext@13ad33d]: org.springframework.beans.factory.support.DefaultListableBeanFactory@11bed71>
[org.springframework.beans.factory.support.DefaultListableBeanFactory] - <Pre-instantiating singletons in org.springframework.beans.factory.support.DefaultListableBeanFactory@11bed71: defining beans [cxf,org.apache.cxf.bus.spring.BusApplicationListener,org.apache.cxf.bus.spring.BusWiringBeanFactoryPostProcessor,org.apache.cxf.bus.spring.Jsr250BeanPostProcessor,org.apache.cxf.bus.spring.BusExtensionPostProcessor,org.apache.cxf.resource.ResourceManager,org.apache.cxf.configuration.Configurer,org.apache.cxf.binding.BindingFactoryManager,org.apache.cxf.transport.DestinationFactoryManager,org.apache.cxf.transport.ConduitInitiatorManager,org.apache.cxf.wsdl.WSDLManager,org.apache.cxf.phase.PhaseManager,org.apache.cxf.workqueue.WorkQueueManager,org.apache.cxf.buslifecycle.BusLifeCycleManager,org.apache.cxf.endpoint.ServerRegistry,org.apache.cxf.endpoint.ServerLifeCycleManager,org.apache.cxf.endpoint.ClientLifeCycleManager,org.apache.cxf.transports.http.QueryHandlerRegistry,org.apache.cxf.endpoint.EndpointResolverRegistry,org.apache.cxf.headers.HeaderManager,org.apache.cxf.catalog.OASISCatalogManager,org.apache.cxf.endpoint.ServiceContractResolverRegistry,org.apache.cxf.binding.corba.CorbaBindingFactory,org.apache.cxf.binding.corba.wsdl.WSDLExtensionRegister#0,org.apache.cxf.jaxws.context.WebServiceContextResourceResolver,org.apache.cxf.jaxws.context.WebServiceContextImpl,org.apache.cxf.binding.soap.SoapBindingFactory,org.apache.cxf.binding.soap.SoapTransportFactory,org.apache.cxf.binding.soap.customEditorConfigurer,org.apache.cxf.binding.xml.XMLBindingFactory,org.apache.cxf.ws.addressing.policy.AddressingAssertionBuilder,org.apache.cxf.ws.addressing.policy.AddressingPolicyInterceptorProvider,org.apache.cxf.ws.addressing.policy.UsingAddressingAssertionBuilder,org.apache.cxf.javascript.JavascriptQueryHandlerRegistry,org.apache.cxf.transport.local.LocalTransportFactory,org.apache.cxf.transport.http.policy.HTTPClientAssertionBuilder,org.apache.cxf.transport.http.policy.HTTPServerAssertionBuilder,org.apache.cxf.transport.http.policy.NoOpPolicyInterceptorProvider,org.apache.cxf.transport.http.ClientOnlyHTTPTransportFactory,org.apache.cxf.management.InstrumentationManager,org.apache.cxf.transport.http_jetty.JettyHTTPTransportFactory,org.apache.cxf.transport.jms.JMSTransportFactory,org.apache.cxf.binding.object.ObjectBindingFactory,org.apache.cxf.binding.http.HttpBindingFactory,org.apache.cxf.jaxrs.JAXRSBindingFactory,org.apache.cxf.ws.security.policy.WSSecurityPolicyLoader,org.apache.cxf.ws.policy.AssertionBuilderRegistry,org.apache.cxf.ws.policy.PolicyInterceptorProviderRegistry,org.apache.cxf.ws.policy.attachment.external.DomainExpressionBuilderRegistry,org.apache.cxf.ws.policy.attachment.external.EndpointReferenceDomainExpressionBuilder,org.apache.cxf.ws.policy.PolicyBuilder,org.apache.cxf.ws.policy.PolicyEngine,org.apache.cxf.ws.policy.attachment.wsdl11.Wsdl11AttachmentPolicyProvider,org.apache.cxf.ws.policy.attachment.ServiceModelPolicyProvider,org.apache.cxf.ws.policy.mtom.MTOMAssertionBuilder,org.apache.cxf.ws.policy.mtom.MTOMPolicyInterceptorProvider,org.apache.cxf.ws.rm.RMManager,org.apache.cxf.ws.rm.policy.RMPolicyInterceptorProvider,org.apache.cxf.ws.rm.RMAssertionBuilder]; root of factory hierarchy>
[org.mortbay.log] - <Logging to org.slf4j.impl.Log4jLoggerAdapter(org.mortbay.log) via org.mortbay.log.Slf4jLog>
[org.mortbay.log] - <jetty-6.1.21>
[org.mortbay.log] - <Started SelectChannelConnector@0.0.0.0:8080>
[org.workin.ws.rest.engine.RestEngine] - <REST Server Start...>
[org.workin.ws.rest.client.RestHttpClient] - < excuteXMLRest xml: <?xml version="1.0" encoding="UTF-8" standalone="yes"?><Employee><birthday>1986-01-01T00:00:00+08:00</birthday><id>2</id><name>bily</name></Employee>>
[org.workin.ws.rest.engine.RestEngine] - <REST Server Started...>
[org.workin.ws.rest.client.RestHttpClient] - < excuteXMLRest xml: <?xml version="1.0" encoding="UTF-8" standalone="yes"?><Employee><birthday>1986-01-01T00:00:00+08:00</birthday><id>2</id><name>bily</name></Employee>>
[org.workin.ws.rest.engine.RestEngine] - <REST Server Started...>
[org.workin.ws.rest.client.RestHttpClient] - < excuteXMLRest xml: <?xml version="1.0" encoding="UTF-8" standalone="yes"?><AllEmployeeResult><code>0</code><employeeList><Employee><birthday>1986-01-02T00:00:00+08:00</birthday><id>1</id><name>tom</name></Employee><Employee><birthday>1986-01-01T00:00:00+08:00</birthday><id>2</id><name>bily</name></Employee><Employee><birthday>1986-01-03T00:00:00+08:00</birthday><id>3</id><name>itaxta</name></Employee></employeeList></AllEmployeeResult>>
[org.workin.ws.rest.engine.RestEngine] - <REST Server Started...>
[org.workin.ws.rest.client.RestHttpClient] - < excuteXMLRest xml: <?xml version="1.0" encoding="UTF-8" standalone="yes"?><AllEmployeeResult><code>0</code><employeeList><Employee><birthday>1986-01-02T00:00:00+08:00</birthday><id>1</id><name>tom</name></Employee><Employee><birthday>1986-01-01T00:00:00+08:00</birthday><id>2</id><name>bily</name></Employee><Employee><birthday>1986-01-03T00:00:00+08:00</birthday><id>3</id><name>itaxta</name></Employee></employeeList></AllEmployeeResult>>
]]></system-out>
  <system-err><![CDATA[2009-12-16 10:15:54 org.apache.cxf.bus.spring.BusApplicationContext getConfigResources
信息: No cxf.xml configuration file detected, relying on defaults.
2009-12-16 10:15:56 org.apache.cxf.endpoint.ServerImpl initDestination
信息: Setting the server's publish address to be http://localhost:8080/workin/rest
2009-12-16 10:15:57 org.apache.cxf.interceptor.LoggingInInterceptor logging
信息: Inbound Message
----------------------------
ID: 1
Address: /workin/rest/employeeService/2/retrieve
Encoding: 
Content-Type: */*
Headers: {content-type=[*/*], connection=[keep-alive], Host=[localhost:8080], User-Agent=[Apache CXF 2.2.4], Content-Type=[*/*], Accept=[application/xml], Pragma=[no-cache], Cache-Control=[no-cache]}
Payload: 
--------------------------------------
2009-12-16 10:15:57 org.apache.cxf.interceptor.LoggingOutInterceptor$LoggingCallback onClose
信息: Outbound Message
---------------------------
ID: 1
Encoding: 
Content-Type: application/xml
Headers: {Date=[Wed, 16 Dec 2009 02:15:57 GMT]}
Payload: <?xml version="1.0" encoding="UTF-8" standalone="yes"?><Employee><birthday>1986-01-01T00:00:00+08:00</birthday><id>2</id><name>bily</name></Employee>
--------------------------------------
2009-12-16 10:15:58 org.apache.cxf.interceptor.LoggingInInterceptor logging
信息: Inbound Message
----------------------------
ID: 2
Address: /workin/rest/employeeService/2/retrieve
Encoding: 
Content-Type: 
Headers: {connection=[Keep-Alive], Host=[localhost:8080], User-Agent=[Apache-HttpClient/4.0 (java 1.5)], Content-Type=[null]}
Payload: 
--------------------------------------
2009-12-16 10:15:58 org.apache.cxf.interceptor.LoggingOutInterceptor$LoggingCallback onClose
信息: Outbound Message
---------------------------
ID: 2
Encoding: 
Content-Type: application/xml
Headers: {Date=[Wed, 16 Dec 2009 02:15:58 GMT]}
Payload: <?xml version="1.0" encoding="UTF-8" standalone="yes"?><Employee><birthday>1986-01-01T00:00:00+08:00</birthday><id>2</id><name>bily</name></Employee>
--------------------------------------
2009-12-16 10:15:58 org.apache.cxf.interceptor.LoggingInInterceptor logging
信息: Inbound Message
----------------------------
ID: 3
Address: /workin/rest/employeeService/2/retrieve
Encoding: 
Content-Type: */*
Headers: {content-type=[*/*], connection=[keep-alive], Host=[localhost:8080], User-Agent=[Apache CXF 2.2.4], Content-Type=[*/*], Accept=[application/xml], Pragma=[no-cache], Cache-Control=[no-cache]}
Payload: 
--------------------------------------
2009-12-16 10:15:58 org.apache.cxf.interceptor.LoggingOutInterceptor$LoggingCallback onClose
信息: Outbound Message
---------------------------
ID: 3
Encoding: 
Content-Type: application/xml
Headers: {Date=[Wed, 16 Dec 2009 02:15:58 GMT]}
Payload: <?xml version="1.0" encoding="UTF-8" standalone="yes"?><Employee><birthday>1986-01-01T00:00:00+08:00</birthday><id>2</id><name>bily</name></Employee>
--------------------------------------
2009-12-16 10:15:58 org.apache.cxf.interceptor.LoggingInInterceptor logging
信息: Inbound Message
----------------------------
ID: 4
Address: /workin/rest/employeeService/2/retrieve
Encoding: 
Content-Type: 
Headers: {connection=[Keep-Alive], Host=[localhost:8080], User-Agent=[Apache-HttpClient/4.0 (java 1.5)], Content-Type=[null]}
Payload: 
--------------------------------------
2009-12-16 10:15:58 org.apache.cxf.interceptor.LoggingOutInterceptor$LoggingCallback onClose
信息: Outbound Message
---------------------------
ID: 4
Encoding: 
Content-Type: application/xml
Headers: {Date=[Wed, 16 Dec 2009 02:15:58 GMT]}
Payload: <?xml version="1.0" encoding="UTF-8" standalone="yes"?><Employee><birthday>1986-01-01T00:00:00+08:00</birthday><id>2</id><name>bily</name></Employee>
--------------------------------------
2009-12-16 10:15:58 org.apache.cxf.interceptor.LoggingInInterceptor logging
信息: Inbound Message
----------------------------
ID: 5
Address: /workin/rest/employeeService/retrievies
Encoding: 
Content-Type: */*
Headers: {content-type=[*/*], connection=[keep-alive], Host=[localhost:8080], User-Agent=[Apache CXF 2.2.4], Content-Type=[*/*], Accept=[application/xml], Pragma=[no-cache], Cache-Control=[no-cache]}
Payload: 
--------------------------------------
2009-12-16 10:15:58 org.apache.cxf.interceptor.LoggingOutInterceptor$LoggingCallback onClose
信息: Outbound Message
---------------------------
ID: 5
Encoding: 
Content-Type: application/xml
Headers: {Date=[Wed, 16 Dec 2009 02:15:58 GMT]}
Payload: <?xml version="1.0" encoding="UTF-8" standalone="yes"?><AllEmployeeResult><code>0</code><employeeList><Employee><birthday>1986-01-02T00:00:00+08:00</birthday><id>1</id><name>tom</name></Employee><Employee><birthday>1986-01-01T00:00:00+08:00</birthday><id>2</id><name>bily</name></Employee><Employee><birthday>1986-01-03T00:00:00+08:00</birthday><id>3</id><name>itaxta</name></Employee></employeeList></AllEmployeeResult>
--------------------------------------
2009-12-16 10:15:58 org.apache.cxf.interceptor.LoggingInInterceptor logging
信息: Inbound Message
----------------------------
ID: 6
Address: /workin/rest/employeeService/retrievies
Encoding: 
Content-Type: 
Headers: {connection=[Keep-Alive], Host=[localhost:8080], User-Agent=[Apache-HttpClient/4.0 (java 1.5)], Content-Type=[null]}
Payload: 
--------------------------------------
2009-12-16 10:15:58 org.apache.cxf.interceptor.LoggingOutInterceptor$LoggingCallback onClose
信息: Outbound Message
---------------------------
ID: 6
Encoding: 
Content-Type: application/xml
Headers: {Date=[Wed, 16 Dec 2009 02:15:58 GMT]}
Payload: <?xml version="1.0" encoding="UTF-8" standalone="yes"?><AllEmployeeResult><code>0</code><employeeList><Employee><birthday>1986-01-02T00:00:00+08:00</birthday><id>1</id><name>tom</name></Employee><Employee><birthday>1986-01-01T00:00:00+08:00</birthday><id>2</id><name>bily</name></Employee><Employee><birthday>1986-01-03T00:00:00+08:00</birthday><id>3</id><name>itaxta</name></Employee></employeeList></AllEmployeeResult>
--------------------------------------
2009-12-16 10:15:58 org.apache.cxf.interceptor.LoggingInInterceptor logging
信息: Inbound Message
----------------------------
ID: 7
Address: /workin/rest/employeeService/retrievies
Encoding: 
Content-Type: */*
Headers: {content-type=[*/*], connection=[keep-alive], Host=[localhost:8080], User-Agent=[Apache CXF 2.2.4], Content-Type=[*/*], Accept=[application/xml], Pragma=[no-cache], Cache-Control=[no-cache]}
Payload: 
--------------------------------------
2009-12-16 10:15:58 org.apache.cxf.interceptor.LoggingOutInterceptor$LoggingCallback onClose
信息: Outbound Message
---------------------------
ID: 7
Encoding: 
Content-Type: application/xml
Headers: {Date=[Wed, 16 Dec 2009 02:15:58 GMT]}
Payload: <?xml version="1.0" encoding="UTF-8" standalone="yes"?><AllEmployeeResult><code>0</code><employeeList><Employee><birthday>1986-01-02T00:00:00+08:00</birthday><id>1</id><name>tom</name></Employee><Employee><birthday>1986-01-01T00:00:00+08:00</birthday><id>2</id><name>bily</name></Employee><Employee><birthday>1986-01-03T00:00:00+08:00</birthday><id>3</id><name>itaxta</name></Employee></employeeList></AllEmployeeResult>
--------------------------------------
2009-12-16 10:15:58 org.apache.cxf.interceptor.LoggingInInterceptor logging
信息: Inbound Message
----------------------------
ID: 8
Address: /workin/rest/employeeService/retrievies
Encoding: 
Content-Type: 
Headers: {connection=[Keep-Alive], Host=[localhost:8080], User-Agent=[Apache-HttpClient/4.0 (java 1.5)], Content-Type=[null]}
Payload: 
--------------------------------------
2009-12-16 10:15:58 org.apache.cxf.interceptor.LoggingOutInterceptor$LoggingCallback onClose
信息: Outbound Message
---------------------------
ID: 8
Encoding: 
Content-Type: application/xml
Headers: {Date=[Wed, 16 Dec 2009 02:15:58 GMT]}
Payload: <?xml version="1.0" encoding="UTF-8" standalone="yes"?><AllEmployeeResult><code>0</code><employeeList><Employee><birthday>1986-01-02T00:00:00+08:00</birthday><id>1</id><name>tom</name></Employee><Employee><birthday>1986-01-01T00:00:00+08:00</birthday><id>2</id><name>bily</name></Employee><Employee><birthday>1986-01-03T00:00:00+08:00</birthday><id>3</id><name>itaxta</name></Employee></employeeList></AllEmployeeResult>
--------------------------------------
]]></system-err>
</testsuite>
