<?xml version="1.0" encoding="UTF-8" ?>
<testsuite errors="0" failures="0" hostname="cdc-odc-junjie" name="org.workin.test.notify.JMSQueueNotifyTest" tests="1" time="5.468" timestamp="2009-11-18T11:33:59">
  <properties>
    <property name="java.vendor" value="Sun Microsystems Inc." />
    <property name="lib.dir" value="E:\works\Workin/lib" />
    <property name="sun.java.launcher" value="SUN_STANDARD" />
    <property name="eclipse.pdebuild.templates" value="/E:/iSpace/eclipse3.4/plugins/org.eclipse.pde.build_3.4.1.R34x_v20080805/templates/" />
    <property name="sun.management.compiler" value="HotSpot Client Compiler" />
    <property name="os.name" value="Windows XP" />
    <property name="sun.boot.class.path" value="C:\Program Files\Java\jre6\lib\resources.jar;C:\Program Files\Java\jre6\lib\rt.jar;C:\Program Files\Java\jre6\lib\sunrsasign.jar;C:\Program Files\Java\jre6\lib\jsse.jar;C:\Program Files\Java\jre6\lib\jce.jar;C:\Program Files\Java\jre6\lib\charsets.jar;C:\Program Files\Java\jre6\classes" />
    <property name="TODAY" value="November 18 2009" />
    <property name="ant.file.workin" value="E:\works\Workin\build.xml" />
    <property name="sun.desktop" value="windows" />
    <property name="java.vm.specification.vendor" value="Sun Microsystems Inc." />
    <property name="ant.home" value="E:\iSpace\eclipse3.4\plugins\org.apache.ant_1.7.0.v200803061910" />
    <property name="java.runtime.version" value="1.6.0_13-b03" />
    <property name="user.name" value="Goingmm" />
    <property name="build.dir" value="E:\works\Workin/bin" />
    <property name="user.language" value="zh" />
    <property name="sun.boot.library.path" value="C:\Program Files\Java\jre6\bin" />
    <property name="target.codes.work" value="E:\works\Workin/workin" />
    <property name="target.javadoc.dir" value="E:\works\Workin/docs/javadoc" />
    <property name="ant.project.name" value="workin" />
    <property name="DSTAMP" value="20091118" />
    <property name="target.codes.test" value="E:\works\Workin/workin-test" />
    <property name="target.jars.dir" value="E:\works\Workin/dist" />
    <property name="java.version" value="1.6.0_13" />
    <property name="user.timezone" value="" />
    <property name="sun.arch.data.model" value="32" />
    <property name="java.endorsed.dirs" value="C:\Program Files\Java\jre6\lib\endorsed" />
    <property name="sun.cpu.isalist" value="pentium_pro+mmx pentium_pro pentium+mmx pentium i486 i386 i86" />
    <property name="sun.jnu.encoding" value="GB18030" />
    <property name="file.encoding.pkg" value="sun.io" />
    <property name="file.separator" value="\" />
    <property name="java.specification.name" value="Java Platform API Specification" />
    <property name="java.class.version" value="50.0" />
    <property name="user.country" value="CN" />
    <property name="java.home" value="C:\Program Files\Java\jre6" />
    <property name="java.vm.info" value="mixed mode, sharing" />
    <property name="ant.file" value="E:\works\Workin\build.xml" />
    <property name="os.version" value="5.1" />
    <property name="path.separator" value=";" />
    <property name="java.vm.version" value="11.3-b02" />
    <property name="user.variant" value="" />
    <property name="ant.library.dir" value="E:\iSpace\eclipse3.4\plugins\org.apache.ant_1.7.0.v200803061910\lib" />
    <property name="java.awt.printerjob" value="sun.awt.windows.WPrinterJob" />
    <property name="sun.io.unicode.encoding" value="UnicodeLittle" />
    <property name="awt.toolkit" value="sun.awt.windows.WToolkit" />
    <property name="eclipse.pdebuild.scripts" value="/E:/iSpace/eclipse3.4/plugins/org.eclipse.pde.build_3.4.1.R34x_v20080805/scripts/" />
    <property name="user.home" value="C:\Documents and Settings\Goingmm" />
    <property name="java.specification.vendor" value="Sun Microsystems Inc." />
    <property name="java.library.path" value="C:\Program Files\Java\jre6\bin;.;C:\WINDOWS\Sun\Java\bin;C:\WINDOWS\system32;C:\WINDOWS;C:/Program Files/Java/jre6/bin/client;C:/Program Files/Java/jre6/bin;C:\Program Files\Common Files\NetSarang;d:\oracle\product\10.2.0\db_1\bin;C:\WINDOWS\system32;C:\WINDOWS;C:\WINDOWS\System32\Wbem;C:\Java\jdk1.6\bin;C:\maven209\bin;C:\Program Files\TortoiseSVN\bin;C:\Python31;C:\ant\bin;C:\grails\bin;C:\apache-cxf\bin;E:\iSpace\Tomcat 6\bin;C:\Groovy\Groovy16\bin;C:\Program Files\cvsnt;C:\Program Files\StormII\Codec;C:\Program Files\StormII" />
    <property name="java.vendor.url" value="http://java.sun.com/" />
    <property name="java.vm.vendor" value="Sun Microsystems Inc." />
    <property name="java.runtime.name" value="Java(TM) SE Runtime Environment" />
    <property name="java.class.path" value="E:\works\Workin\bin;E:\works\Workin\lib\activemq-all-5.3.0.jar;E:\works\Workin\lib\activemq-pool-5.3.0.jar;E:\works\Workin\lib\antlr-2.7.6.jar;E:\works\Workin\lib\asm-attrs.jar;E:\works\Workin\lib\asm.jar;E:\works\Workin\lib\aspectjrt.jar;E:\works\Workin\lib\aspectjweaver-1.6.5.jar;E:\works\Workin\lib\c3p0-0.9.1.2.jar;E:\works\Workin\lib\cglib-2.1.3.jar;E:\works\Workin\lib\commons-beanutils-1.8.2.jar;E:\works\Workin\lib\commons-codec-1.4.jar;E:\works\Workin\lib\commons-collections-3.2.1.jar;E:\works\Workin\lib\commons-jexl-1.1.jar;E:\works\Workin\lib\commons-lang-2.4.jar;E:\works\Workin\lib\commons-logging-1.1.1.jar;E:\works\Workin\lib\commons-pool-1.4.jar;E:\works\Workin\lib\displaytag-1.2.jar;E:\works\Workin\lib\dom4j-1.6.1.jar;E:\works\Workin\lib\ehcache-1.6.1.jar;E:\works\Workin\lib\ehcache-jgroupsreplication-1.3.jar;E:\works\Workin\lib\freemarker-2.3.8.jar;E:\works\Workin\lib\hibernate-annotations-3.4.0.GA.jar;E:\works\Workin\lib\hibernate-commons-annotations-3.1.0.GA.jar;E:\works\Workin\lib\hibernate-core-3.3.2.GA.jar;E:\works\Workin\lib\hibernate-ehcache-3.3.2.GA.jar;E:\works\Workin\lib\hibernate-entitymanager.jar;E:\works\Workin\lib\ibatis-2.3.4.726.jar;E:\works\Workin\lib\imaging-01012005.jar;E:\works\Workin\lib\irontracksql.jar;E:\works\Workin\lib\javassist-3.4.GA.jar;E:\works\Workin\lib\jcaptcha-1.0.jar;E:\works\Workin\lib\jcaptcha-api-1.0.jar;E:\works\Workin\lib\jdom-1.0.jar;E:\works\Workin\lib\jgroups-2.6.8.GA.jar;E:\works\Workin\lib\json-lib-2.2.3-jdk15.jar;E:\works\Workin\lib\jta-1.1.jar;E:\works\Workin\lib\jul-to-slf4j-1.5.8.jar;E:\works\Workin\lib\junit-4.4.jar;E:\works\Workin\lib\log4j-1.2.15.jar;E:\works\Workin\lib\mail-1.4.1.jar;E:\works\Workin\lib\mysql-connector-java-5.1.6.jar;E:\works\Workin\lib\p6spy-1.3.jar;E:\works\Workin\lib\perf4j-0.9.11.jar;E:\works\Workin\lib\persistence.jar;E:\works\Workin\lib\rome-1.0.jar;E:\works\Workin\lib\selenium-java-client-driver-1.0.1.jar;E:\works\Workin\lib\servlet-api-2.4.jar;E:\works\Workin\lib\slf4j-api-1.5.8.jar;E:\works\Workin\lib\slf4j-log4j12-1.5.8.jar;E:\works\Workin\lib\spring-security-core-2.0.4.jar;E:\works\Workin\lib\spring-security-core-tiger-2.0.4.jar;E:\works\Workin\lib\spring-test.jar;E:\works\Workin\lib\spring.jar;E:\works\Workin\lib\struts2-core-2.1.8.jar;E:\works\Workin\lib\struts2-rome-plugin-0.3.jar;E:\works\Workin\lib\unitils-2.4.jar;E:\works\Workin\lib\xbean-spring-2.8.jar;E:\works\Workin\lib\xpp3_min-1.1.4c.jar;E:\works\Workin\lib\xstream-1.3.1.jar;E:\works\Workin\lib\xwork-core-2.1.6.jar;E:\iSpace\eclipse3.4\plugins\org.apache.ant_1.7.0.v200803061910\lib\ant-launcher.jar;E:\iSpace\eclipse3.4\plugins\org.apache.ant_1.7.0.v200803061910\lib\ant.jar;E:\iSpace\eclipse3.4\plugins\org.apache.ant_1.7.0.v200803061910\lib\ant-junit.jar" />
    <property name="ant.version" value="Apache Ant version 1.7.0 compiled on December 13 2006" />
    <property name="target.checkstyle.dir" value="E:\works\Workin/docs/checkstyle" />
    <property name="TSTAMP" value="1933" />
    <property name="java.vm.specification.name" value="Java Virtual Machine Specification" />
    <property name="java.vm.specification.version" value="1.0" />
    <property name="sun.cpu.endian" value="little" />
    <property name="sun.os.patch.level" value="Service Pack 3" />
    <property name="eclipse.pdebuild.home" value="/E:/iSpace/eclipse3.4/plugins/org.eclipse.pde.build_3.4.1.R34x_v20080805/./" />
    <property name="java.io.tmpdir" value="C:\DOCUME~1\Goingmm\LOCALS~1\Temp\" />
    <property name="java.vendor.url.bug" value="http://java.sun.com/cgi-bin/bugreport.cgi" />
    <property name="os.arch" value="x86" />
    <property name="java.awt.graphicsenv" value="sun.awt.Win32GraphicsEnvironment" />
    <property name="java.ext.dirs" value="C:\Program Files\Java\jre6\lib\ext;C:\WINDOWS\Sun\Java\lib\ext" />
    <property name="target.report.dir" value="E:\works\Workin/docs/report" />
    <property name="user.dir" value="E:\works\Workin" />
    <property name="line.separator" value="
" />
    <property name="java.vm.name" value="Java HotSpot(TM) Client VM" />
    <property name="basedir" value="E:\works\Workin" />
    <property name="ant.java.version" value="1.6" />
    <property name="ant.core.lib" value="E:\iSpace\eclipse3.4\plugins\org.apache.ant_1.7.0.v200803061910\lib\ant.jar" />
    <property name="file.encoding" value="GB18030" />
    <property name="java.specification.version" value="1.6" />
  </properties>
  <testcase classname="org.workin.test.notify.JMSQueueNotifyTest" name="sendQueueTest" time="0.093" />
  <system-out><![CDATA[[org.springframework.beans.factory.xml.XmlBeanDefinitionReader] - <Loading XML bean definitions from class path resource [applicationContext.xml]>
[org.springframework.beans.factory.xml.XmlBeanDefinitionReader] - <Loading XML bean definitions from class path resource [tx/applicationContext-tx.xml]>
[org.springframework.beans.factory.xml.XmlBeanDefinitionReader] - <Loading XML bean definitions from class path resource [persistence/applicationContext-persistence.xml]>
[org.springframework.beans.factory.xml.XmlBeanDefinitionReader] - <Loading XML bean definitions from class path resource [security/applicationContext-security.xml]>
[org.springframework.beans.factory.xml.XmlBeanDefinitionReader] - <Loading XML bean definitions from class path resource [apps/applicationContext-person.xml]>
[org.springframework.beans.factory.xml.XmlBeanDefinitionReader] - <Loading XML bean definitions from class path resource [email/applicationContext-email.xml]>
[org.springframework.beans.factory.xml.XmlBeanDefinitionReader] - <Loading XML bean definitions from class path resource [jms/applicationContext-jms.xml]>
[org.springframework.beans.factory.xml.XmlBeanDefinitionReader] - <Loading XML bean definitions from class path resource [jms/applicationContext-producer.xml]>
[org.springframework.beans.factory.xml.XmlBeanDefinitionReader] - <Loading XML bean definitions from class path resource [jms/applicationContext-consumer.xml]>
[org.springframework.beans.factory.xml.XmlBeanDefinitionReader] - <Loading XML bean definitions from class path resource [rss/applicationContext-rss.xml]>
[org.springframework.context.support.GenericApplicationContext] - <Refreshing org.springframework.context.support.GenericApplicationContext@1749757: display name [org.springframework.context.support.GenericApplicationContext@1749757]; startup date [Wed Nov 18 19:34:00 CST 2009]; root of context hierarchy>
[org.springframework.context.support.GenericApplicationContext] - <Bean factory for application context [org.springframework.context.support.GenericApplicationContext@1749757]: org.springframework.beans.factory.support.DefaultListableBeanFactory@64883c>
[org.springframework.beans.factory.config.PropertyPlaceholderConfigurer] - <Loading properties file from class path resource [applicationContext.properties]>
[org.springframework.beans.factory.config.PropertyPlaceholderConfigurer] - <Loading properties file from class path resource [email/email.properties]>
[org.springframework.beans.factory.config.PropertyPlaceholderConfigurer] - <Loading properties file from class path resource [jms/jms.properties]>
[org.springframework.beans.factory.config.PropertyPlaceholderConfigurer] - <Loading properties file from class path resource [rss/rss.properties]>
[org.springframework.context.support.GenericApplicationContext] - <Bean 'org.springframework.orm.jpa.vendor.HibernateJpaVendorAdapter#2cb49d' is not eligible for getting processed by all BeanPostProcessors (for example: not eligible for auto-proxying)>
[org.springframework.context.support.GenericApplicationContext] - <Bean 'dataSource' is not eligible for getting processed by all BeanPostProcessors (for example: not eligible for auto-proxying)>
[org.springframework.orm.jpa.LocalContainerEntityManagerFactoryBean] - <Building JPA container EntityManagerFactory for persistence unit 'Workin'>
[org.hibernate.cfg.annotations.Version] - <Hibernate Annotations 3.4.0.GA>
[org.hibernate.cfg.Environment] - <Hibernate 3.3.2.GA>
[org.hibernate.cfg.Environment] - <hibernate.properties not found>
[org.hibernate.cfg.Environment] - <Bytecode provider name : javassist>
[org.hibernate.cfg.Environment] - <using JDK 1.4 java.sql.Timestamp handling>
[org.hibernate.annotations.common.Version] - <Hibernate Commons Annotations 3.1.0.GA>
[org.hibernate.ejb.Version] - <Hibernate EntityManager 3.4.0.GA>
[org.hibernate.ejb.Ejb3Configuration] - <Processing PersistenceUnitInfo [
	name: Workin
	...]>
[org.hibernate.cfg.AnnotationBinder] - <Binding entity from annotated class: org.workin.test.application.entity.Address>
[org.hibernate.cfg.annotations.EntityBinder] - <Bind entity org.workin.test.application.entity.Address on table Address>
[org.hibernate.cfg.AnnotationBinder] - <Binding entity from annotated class: org.workin.test.application.entity.Person>
[org.hibernate.cfg.annotations.QueryBinder] - <Binding Named query: findAllPerson => SELECT p FROM Person p>
[org.hibernate.cfg.annotations.QueryBinder] - <Binding Named query: findPersonByName => SELECT p FROM Person p WHERE p.name = :name>
[org.hibernate.cfg.annotations.QueryBinder] - <Binding Named query: findPersonByNameExt => SELECT p FROM Person p WHERE p.name = ?>
[org.hibernate.cfg.annotations.EntityBinder] - <Bind entity org.workin.test.application.entity.Person on table person>
[org.hibernate.cfg.AnnotationConfiguration] - <Hibernate Validator not found: ignoring>
[org.hibernate.cfg.search.HibernateSearchEventListenerRegister] - <Unable to find org.hibernate.search.event.FullTextIndexEventListener on the classpath. Hibernate Search is not enabled.>
[org.hibernate.connection.ConnectionProviderFactory] - <Initializing connection provider: org.hibernate.ejb.connection.InjectedDataSourceConnectionProvider>
[org.hibernate.ejb.connection.InjectedDataSourceConnectionProvider] - <Using provided datasource>
[org.hibernate.cfg.SettingsFactory] - <RDBMS: MySQL, version: 6.0.7-alpha-community-log>
[org.hibernate.cfg.SettingsFactory] - <JDBC driver: MySQL-AB JDBC Driver, version: mysql-connector-java-5.1.6 ( Revision: ${svn.Revision} )>
[org.hibernate.dialect.Dialect] - <Using dialect: org.hibernate.dialect.MySQL5InnoDBDialect>
[org.hibernate.transaction.TransactionFactoryFactory] - <Transaction strategy: org.hibernate.transaction.JDBCTransactionFactory>
[org.hibernate.transaction.TransactionManagerLookupFactory] - <No TransactionManagerLookup configured (in JTA environment, use of read-write or transactional second-level cache is not recommended)>
[org.hibernate.cfg.SettingsFactory] - <Automatic flush during beforeCompletion(): disabled>
[org.hibernate.cfg.SettingsFactory] - <Automatic session close at end of transaction: disabled>
[org.hibernate.cfg.SettingsFactory] - <JDBC batch size: 15>
[org.hibernate.cfg.SettingsFactory] - <JDBC batch updates for versioned data: disabled>
[org.hibernate.cfg.SettingsFactory] - <Scrollable result sets: enabled>
[org.hibernate.cfg.SettingsFactory] - <JDBC3 getGeneratedKeys(): enabled>
[org.hibernate.cfg.SettingsFactory] - <Connection release mode: auto>
[org.hibernate.cfg.SettingsFactory] - <Maximum outer join fetch depth: 2>
[org.hibernate.cfg.SettingsFactory] - <Default batch fetch size: 1>
[org.hibernate.cfg.SettingsFactory] - <Generate SQL with comments: disabled>
[org.hibernate.cfg.SettingsFactory] - <Order SQL updates by primary key: disabled>
[org.hibernate.cfg.SettingsFactory] - <Order SQL inserts for batching: disabled>
[org.hibernate.cfg.SettingsFactory] - <Query translator: org.hibernate.hql.ast.ASTQueryTranslatorFactory>
[org.hibernate.hql.ast.ASTQueryTranslatorFactory] - <Using ASTQueryTranslatorFactory>
[org.hibernate.cfg.SettingsFactory] - <Query language substitutions: {}>
[org.hibernate.cfg.SettingsFactory] - <JPA-QL strict compliance: enabled>
[org.hibernate.cfg.SettingsFactory] - <Second-level cache: enabled>
[org.hibernate.cfg.SettingsFactory] - <Query cache: enabled>
[org.hibernate.cfg.SettingsFactory] - <Cache region factory : org.hibernate.cache.impl.bridge.RegionFactoryCacheProviderBridge>
[org.hibernate.cfg.SettingsFactory] - <Optimize cache for minimal puts: disabled>
[org.hibernate.cfg.SettingsFactory] - <Structured second-level cache entries: disabled>
[org.hibernate.cfg.SettingsFactory] - <Query cache factory: org.hibernate.cache.StandardQueryCacheFactory>
[org.hibernate.cfg.SettingsFactory] - <Echoing all SQL to stdout>
[org.hibernate.cfg.SettingsFactory] - <Statistics: enabled>
[org.hibernate.cfg.SettingsFactory] - <Deleted entity synthetic identifier rollback: disabled>
[org.hibernate.cfg.SettingsFactory] - <Default entity-mode: pojo>
[org.hibernate.cfg.SettingsFactory] - <Named query checking : enabled>
[org.hibernate.impl.SessionFactoryImpl] - <building session factory>
[org.hibernate.impl.SessionFactoryObjectFactory] - <Not binding factory to JNDI, no JNDI name configured>
[org.hibernate.tool.hbm2ddl.SchemaUpdate] - <Running hbm2ddl schema update>
[org.hibernate.tool.hbm2ddl.SchemaUpdate] - <fetching database metadata>
[org.hibernate.tool.hbm2ddl.SchemaUpdate] - <updating schema>
[org.hibernate.tool.hbm2ddl.TableMetadata] - <table found: workin.address>
[org.hibernate.tool.hbm2ddl.TableMetadata] - <columns: [work, id, home, phone, updatedttm, updateby, createby, createdttm, version]>
[org.hibernate.tool.hbm2ddl.TableMetadata] - <foreign keys: []>
[org.hibernate.tool.hbm2ddl.TableMetadata] - <indexes: [primary]>
[org.hibernate.tool.hbm2ddl.TableMetadata] - <table found: workin.person>
[org.hibernate.tool.hbm2ddl.TableMetadata] - <columns: [id, birthday, sex, updatedttm, updateby, createby, name, createdttm, version]>
[org.hibernate.tool.hbm2ddl.TableMetadata] - <foreign keys: []>
[org.hibernate.tool.hbm2ddl.TableMetadata] - <indexes: [primary]>
[org.hibernate.tool.hbm2ddl.TableMetadata] - <table found: workin.person_address>
[org.hibernate.tool.hbm2ddl.TableMetadata] - <columns: [person_id, address_id]>
[org.hibernate.tool.hbm2ddl.TableMetadata] - <foreign keys: [fk873150eafc95f519, fk873150eaa1a6ad9b]>
[org.hibernate.tool.hbm2ddl.TableMetadata] - <indexes: [fk873150eafc95f519, address_id, fk873150eaa1a6ad9b, primary]>
[org.hibernate.tool.hbm2ddl.SchemaUpdate] - <schema update complete>
[org.springframework.context.support.GenericApplicationContext] - <Bean 'entityManagerFactory' is not eligible for getting processed by all BeanPostProcessors (for example: not eligible for auto-proxying)>
[org.springframework.beans.factory.support.DefaultListableBeanFactory] - <Pre-instantiating singletons in org.springframework.beans.factory.support.DefaultListableBeanFactory@64883c: defining beans [transactionManager,org.springframework.aop.config.internalAutoProxyCreator,org.springframework.transaction.annotation.AnnotationTransactionAttributeSource#0,org.springframework.transaction.interceptor.TransactionInterceptor#0,org.springframework.transaction.config.internalTransactionAdvisor,txAdvice,txAdvicePointcut,org.springframework.aop.support.DefaultBeanFactoryPointcutAdvisor#0,dataSource,entityManagerFactory,sqlMapClient,jpaPersistence,sqlMapPersistence,persistenceService,captchaService,personService,mailSender,mailService,mimeMailService,freemarkerConfiguration,broker,jmsFactory,jmsTemplate,notifyQueue,notifyTopic,notification,notifyMessageProducer,notifyQueueConsumer,jmsContainer,notifyTopicListener,templetOfFeed,rssBuilder,dateBean,org.springframework.beans.factory.config.PropertyPlaceholderConfigurer#0,org.springframework.context.annotation.internalPersistenceAnnotationProcessor,org.springframework.context.annotation.internalCommonAnnotationProcessor,org.springframework.context.annotation.internalAutowiredAnnotationProcessor,org.springframework.context.annotation.internalRequiredAnnotationProcessor,julToSlf4jHandler,springContextHolder,auditEventProvider,auditEventExecutor,org.springframework.dao.annotation.PersistenceExceptionTranslationPostProcessor#0]; root of factory hierarchy>
[org.apache.xbean.spring.context.ResourceXmlApplicationContext] - <Refreshing org.apache.xbean.spring.context.ResourceXmlApplicationContext@486cdd: display name [org.apache.xbean.spring.context.ResourceXmlApplicationContext@486cdd]; startup date [Wed Nov 18 19:34:03 CST 2009]; parent: org.springframework.context.support.GenericApplicationContext@1749757>
[org.apache.xbean.spring.context.v2.XBeanXmlBeanDefinitionReader] - <Loading XML bean definitions from class path resource [jms/activemq.xml]>
[org.apache.xbean.spring.context.ResourceXmlApplicationContext] - <Bean factory for application context [org.apache.xbean.spring.context.ResourceXmlApplicationContext@486cdd]: org.springframework.beans.factory.support.DefaultListableBeanFactory@14d659d>
[org.springframework.beans.factory.support.DefaultListableBeanFactory] - <Pre-instantiating singletons in org.springframework.beans.factory.support.DefaultListableBeanFactory@14d659d: defining beans [org.apache.activemq.xbean.XBeanBrokerService#0]; parent: org.springframework.beans.factory.support.DefaultListableBeanFactory@64883c>
[org.apache.activemq.broker.BrokerService] - <Using Persistence Adapter: MemoryPersistenceAdapter>
[org.apache.activemq.broker.BrokerService] - <ActiveMQ 5.3.0 JMS Message Broker (localhost) is starting>
[org.apache.activemq.broker.BrokerService] - <For help or more information please see: http://activemq.apache.org/>
[org.apache.activemq.transport.TransportServerThreadSupport] - <Listening for connections at: tcp://localhost:61616>
[org.apache.activemq.broker.TransportConnector] - <Connector tcp://localhost:61616 Started>
[org.apache.activemq.broker.BrokerService] - <ActiveMQ JMS Message Broker (localhost, ID:cdc-odc-junjie-2368-1258544043437-0:0) started>
[org.workin.core.entity.support.AuditEventProvider] - < Audit Event Executor : org.workin.core.entity.support.AuditEventExecutorImpl>
[org.springframework.test.context.transaction.TransactionalTestExecutionListener] - <Began transaction (1): transaction manager [org.springframework.orm.jpa.JpaTransactionManager@f3c5c4]; rollback [true]>
[org.springframework.test.context.transaction.TransactionalTestExecutionListener] - <Rolled back transaction after test execution for test context [[TestContext@2982bf testClass = JMSQueueNotifyTest, locations = array<String>['classpath:/applicationContext.xml'], testInstance = org.workin.test.notify.JMSQueueNotifyTest@146ee9c, testMethod = sendQueueTest@JMSQueueNotifyTest, testException = [null]&#x5d;&#x5d;&gt;
]]></system-out>
  <system-err><![CDATA[]]></system-err>
</testsuite>
